[1017/173210.390:ERROR:process_reader_win.cc(123)] NtOpenThread: {无法访问} 过程已请求访问一对象，但未给访问权限。 (0xc0000022)
[1017/173210.392:ERROR:exception_snapshot_win.cc(88)] thread ID 22028 not found in process
[1018/085425.224:ERROR:process_reader_win.cc(123)] NtOpenThread: {无法访问} 过程已请求访问一对象，但未给访问权限。 (0xc0000022)
[1018/085425.228:ERROR:exception_snapshot_win.cc(88)] thread ID 6228 not found in process
[1018/102333.294:ERROR:process_reader_win.cc(123)] NtOpenThread: {无法访问} 过程已请求访问一对象，但未给访问权限。 (0xc0000022)
[1018/102333.295:ERROR:exception_snapshot_win.cc(88)] thread ID 16652 not found in process
[1018/103020.612:ERROR:process_reader_win.cc(151)] SuspendThread: 拒绝访问。 (0x5)
[1018/103020.615:ERROR:process_reader_win.cc(151)] SuspendThread: 拒绝访问。 (0x5)
[1018/103020.615:ERROR:process_reader_win.cc(151)] SuspendThread: 拒绝访问。 (0x5)
[1018/103020.615:ERROR:process_reader_win.cc(123)] NtOpenThread: {无法访问} 过程已请求访问一对象，但未给访问权限。 (0xc0000022)
[1018/103020.616:ERROR:exception_snapshot_win.cc(88)] thread ID 3020 not found in process
[1018/104838.273:ERROR:process_reader_win.cc(123)] NtOpenThread: {无法访问} 过程已请求访问一对象，但未给访问权限。 (0xc0000022)
[1018/104838.275:ERROR:exception_snapshot_win.cc(88)] thread ID 11896 not found in process
[1018/105156.995:ERROR:process_reader_win.cc(123)] NtOpenThread: {无法访问} 过程已请求访问一对象，但未给访问权限。 (0xc0000022)
[1018/105156.996:ERROR:exception_snapshot_win.cc(88)] thread ID 10400 not found in process
[1018/105249.310:ERROR:process_reader_win.cc(123)] NtOpenThread: {无法访问} 过程已请求访问一对象，但未给访问权限。 (0xc0000022)
[1018/105249.311:ERROR:exception_snapshot_win.cc(88)] thread ID 14740 not found in process
[1018/105705.135:ERROR:process_reader_win.cc(123)] NtOpenThread: {无法访问} 过程已请求访问一对象，但未给访问权限。 (0xc0000022)
[1018/105705.135:ERROR:exception_snapshot_win.cc(88)] thread ID 22168 not found in process
[1018/105705.280:ERROR:process_reader_win.cc(242)] ReadMemory at 0x7ff7fbdf0000 of 64 bytes failed: 仅完成部分的 ReadProcessMemory 或 WriteProcessMemory 请求。 (0x12B)
[1018/105705.285:WARNING:pe_image_reader.cc(302)] could not read dos header from C:\Program Files (x86)\Google\Chrome\Application\chrome.exe
[1018/105705.285:ERROR:process_reader_win.cc(242)] ReadMemory at 0x7ff897dd0000 of 64 bytes failed: 仅完成部分的 ReadProcessMemory 或 WriteProcessMemory 请求。 (0x12B)
[1018/105705.285:WARNING:pe_image_reader.cc(302)] could not read dos header from C:\WINDOWS\SYSTEM32\ntdll.dll
[1018/105705.285:ERROR:process_reader_win.cc(242)] ReadMemory at 0x7ff896350000 of 64 bytes failed: 仅完成部分的 ReadProcessMemory 或 WriteProcessMemory 请求。 (0x12B)
[1018/105705.285:WARNING:pe_image_reader.cc(302)] could not read dos header from C:\WINDOWS\System32\KERNEL32.DLL
[1018/105705.285:ERROR:process_reader_win.cc(242)] ReadMemory at 0x7ff894ba0000 of 64 bytes failed: 仅完成部分的 ReadProcessMemory 或 WriteProcessMemory 请求。 (0x12B)
[1018/105705.285:WARNING:pe_image_reader.cc(302)] could not read dos header from C:\WINDOWS\System32\KERNELBASE.dll
[1018/105705.285:ERROR:process_reader_win.cc(242)] ReadMemory at 0x7ff892c90000 of 64 bytes failed: 仅完成部分的 ReadProcessMemory 或 WriteProcessMemory 请求。 (0x12B)
[1018/105705.285:WARNING:pe_image_reader.cc(302)] could not read dos header from C:\WINDOWS\SYSTEM32\apphelp.dll
[1018/105705.285:ERROR:process_reader_win.cc(242)] ReadMemory at 0x7ff896420000 of 64 bytes failed: 仅完成部分的 ReadProcessMemory 或 WriteProcessMemory 请求。 (0x12B)
[1018/105705.285:WARNING:pe_image_reader.cc(302)] could not read dos header from C:\WINDOWS\System32\SHELL32.dll
[1018/105705.285:ERROR:process_reader_win.cc(242)] ReadMemory at 0x7ff897bf0000 of 64 bytes failed: 仅完成部分的 ReadProcessMemory 或 WriteProcessMemory 请求。 (0x12B)
[1018/105705.285:WARNING:pe_image_reader.cc(302)] could not read dos header from C:\WINDOWS\System32\msvcrt.dll
[1018/105705.285:ERROR:process_reader_win.cc(242)] ReadMemory at 0x7ff8941a0000 of 64 bytes failed: 仅完成部分的 ReadProcessMemory 或 WriteProcessMemory 请求。 (0x12B)
[1018/105705.285:WARNING:pe_image_reader.cc(302)] could not read dos header from C:\WINDOWS\System32\cfgmgr32.dll
[1018/105705.285:ERROR:process_reader_win.cc(242)] ReadMemory at 0x7ff894270000 of 64 bytes failed: 仅完成部分的 ReadProcessMemory 或 WriteProcessMemory 请求。 (0x12B)
[1018/105705.285:WARNING:pe_image_reader.cc(302)] could not read dos header from C:\WINDOWS\System32\ucrtbase.dll
[1018/105705.285:ERROR:process_reader_win.cc(242)] ReadMemory at 0x7ff895490000 of 64 bytes failed: 仅完成部分的 ReadProcessMemory 或 WriteProcessMemory 请求。 (0x12B)
[1018/105705.285:WARNING:pe_image_reader.cc(302)] could not read dos header from C:\WINDOWS\System32\shcore.dll
[1018/105705.285:ERROR:process_reader_win.cc(242)] ReadMemory at 0x7ff895c60000 of 64 bytes failed: 仅完成部分的 ReadProcessMemory 或 WriteProcessMemory 请求。 (0x12B)
[1018/105705.285:WARNING:pe_image_reader.cc(302)] could not read dos header from C:\WINDOWS\System32\RPCRT4.dll
[1018/105705.285:ERROR:process_reader_win.cc(242)] ReadMemory at 0x7ff8978c0000 of 64 bytes failed: 仅完成部分的 ReadProcessMemory 或 WriteProcessMemory 请求。 (0x12B)
[1018/105705.286:WARNING:pe_image_reader.cc(302)] could not read dos header from C:\WINDOWS\System32\combase.dll
[1018/105705.286:ERROR:process_reader_win.cc(242)] ReadMemory at 0x7ff8941f0000 of 64 bytes failed: 仅完成部分的 ReadProcessMemory 或 WriteProcessMemory 请求。 (0x12B)
[1018/105705.286:WARNING:pe_image_reader.cc(302)] could not read dos header from C:\WINDOWS\System32\bcryptPrimitives.dll
[1018/105705.286:ERROR:process_reader_win.cc(242)] ReadMemory at 0x7ff894370000 of 64 bytes failed: 仅完成部分的 ReadProcessMemory 或 WriteProcessMemory 请求。 (0x12B)
[1018/105705.286:WARNING:pe_image_reader.cc(302)] could not read dos header from C:\WINDOWS\System32\windows.storage.dll
[1018/105705.286:ERROR:process_reader_win.cc(242)] ReadMemory at 0x7ff895380000 of 64 bytes failed: 仅完成部分的 ReadProcessMemory 或 WriteProcessMemory 请求。 (0x12B)
[1018/105705.286:WARNING:pe_image_reader.cc(302)] could not read dos header from C:\WINDOWS\System32\advapi32.dll
[1018/105705.286:ERROR:process_reader_win.cc(242)] ReadMemory at 0x21380160000 of 64 bytes failed: 仅完成部分的 ReadProcessMemory 或 WriteProcessMemory 请求。 (0x12B)
[1018/105705.286:WARNING:pe_image_reader.cc(302)] could not read dos header from C:\WINDOWS\System32\sechost.dll
[1018/105705.286:ERROR:process_reader_win.cc(242)] ReadMemory at 0x7ff8958f0000 of 64 bytes failed: 仅完成部分的 ReadProcessMemory 或 WriteProcessMemory 请求。 (0x12B)
[1018/105705.286:WARNING:pe_image_reader.cc(302)] could not read dos header from C:\WINDOWS\System32\shlwapi.dll
[1018/105705.286:ERROR:process_reader_win.cc(242)] ReadMemory at 0x7ff895350000 of 64 bytes failed: 仅完成部分的 ReadProcessMemory 或 WriteProcessMemory 请求。 (0x12B)
[1018/105705.286:WARNING:pe_image_reader.cc(302)] could not read dos header from C:\WINDOWS\System32\GDI32.dll
[1018/105705.286:ERROR:process_reader_win.cc(242)] ReadMemory at 0x7ff8950c0000 of 64 bytes failed: 仅完成部分的 ReadProcessMemory 或 WriteProcessMemory 请求。 (0x12B)
[1018/105705.286:WARNING:pe_image_reader.cc(302)] could not read dos header from C:\WINDOWS\System32\gdi32full.dll
[1018/105705.286:ERROR:process_reader_win.cc(242)] ReadMemory at 0x7ff894b00000 of 64 bytes failed: 仅完成部分的 ReadProcessMemory 或 WriteProcessMemory 请求。 (0x12B)
[1018/105705.286:WARNING:pe_image_reader.cc(302)] could not read dos header from C:\WINDOWS\System32\msvcp_win.dll
[1018/105705.286:ERROR:process_reader_win.cc(242)] ReadMemory at 0x7ff895ad0000 of 64 bytes failed: 仅完成部分的 ReadProcessMemory 或 WriteProcessMemory 请求。 (0x12B)
[1018/105705.286:WARNING:pe_image_reader.cc(302)] could not read dos header from C:\WINDOWS\System32\USER32.dll
[1018/105705.286:ERROR:process_reader_win.cc(242)] ReadMemory at 0x7ff894ae0000 of 64 bytes failed: 仅完成部分的 ReadProcessMemory 或 WriteProcessMemory 请求。 (0x12B)
[1018/105705.286:WARNING:pe_image_reader.cc(302)] could not read dos header from C:\WINDOWS\System32\win32u.dll
[1018/105705.286:ERROR:process_reader_win.cc(242)] ReadMemory at 0x7ff894130000 of 64 bytes failed: 仅完成部分的 ReadProcessMemory 或 WriteProcessMemory 请求。 (0x12B)
[1018/105705.286:WARNING:pe_image_reader.cc(302)] could not read dos header from C:\WINDOWS\System32\kernel.appcore.dll
[1018/105705.286:ERROR:process_reader_win.cc(242)] ReadMemory at 0x7ff894150000 of 64 bytes failed: 仅完成部分的 ReadProcessMemory 或 WriteProcessMemory 请求。 (0x12B)
[1018/105705.286:WARNING:pe_image_reader.cc(302)] could not read dos header from C:\WINDOWS\System32\profapi.dll
[1018/105705.286:ERROR:process_reader_win.cc(242)] ReadMemory at 0x7ff8940e0000 of 64 bytes failed: 仅完成部分的 ReadProcessMemory 或 WriteProcessMemory 请求。 (0x12B)
[1018/105705.286:WARNING:pe_image_reader.cc(302)] could not read dos header from C:\WINDOWS\System32\powrprof.dll
[1018/105705.286:ERROR:process_reader_win.cc(242)] ReadMemory at 0x7ff894170000 of 64 bytes failed: 仅完成部分的 ReadProcessMemory 或 WriteProcessMemory 请求。 (0x12B)
[1018/105705.286:WARNING:pe_image_reader.cc(302)] could not read dos header from C:\WINDOWS\System32\FLTLIB.DLL
[1018/105705.286:ERROR:process_reader_win.cc(242)] ReadMemory at 0x21380110000 of 64 bytes failed: 仅完成部分的 ReadProcessMemory 或 WriteProcessMemory 请求。 (0x12B)
[1018/105705.286:WARNING:pe_image_reader.cc(302)] could not read dos header from C:\WINDOWS\System32\PSAPI.DLL
[1018/105705.286:ERROR:process_reader_win.cc(242)] ReadMemory at 0x7ff878990000 of 64 bytes failed: 仅完成部分的 ReadProcessMemory 或 WriteProcessMemory 请求。 (0x12B)
[1018/105705.286:WARNING:pe_image_reader.cc(302)] could not read dos header from C:\Program Files (x86)\Google\Chrome\Application\69.0.3497.100\chrome_elf.dll
[1018/105705.286:ERROR:process_reader_win.cc(242)] ReadMemory at 0x7ff88db60000 of 64 bytes failed: 仅完成部分的 ReadProcessMemory 或 WriteProcessMemory 请求。 (0x12B)
[1018/105705.286:WARNING:pe_image_reader.cc(302)] could not read dos header from C:\WINDOWS\SYSTEM32\VERSION.dll
[1018/105705.286:ERROR:process_reader_win.cc(242)] ReadMemory at 0x7ff890f80000 of 64 bytes failed: 仅完成部分的 ReadProcessMemory 或 WriteProcessMemory 请求。 (0x12B)
[1018/105705.286:WARNING:pe_image_reader.cc(302)] could not read dos header from C:\WINDOWS\SYSTEM32\WINMM.dll
[1018/105705.286:ERROR:process_reader_win.cc(242)] ReadMemory at 0x7ff894010000 of 64 bytes failed: 仅完成部分的 ReadProcessMemory 或 WriteProcessMemory 请求。 (0x12B)
[1018/105705.286:WARNING:pe_image_reader.cc(302)] could not read dos header from C:\WINDOWS\SYSTEM32\USERENV.dll
[1018/105705.286:ERROR:process_reader_win.cc(242)] ReadMemory at 0x7ff88fcd0000 of 64 bytes failed: 仅完成部分的 ReadProcessMemory 或 WriteProcessMemory 请求。 (0x12B)
[1018/105705.286:WARNING:pe_image_reader.cc(302)] could not read dos header from C:\WINDOWS\SYSTEM32\WINHTTP.dll
[1018/105705.287:ERROR:process_reader_win.cc(242)] ReadMemory at 0x7ff890f50000 of 64 bytes failed: 仅完成部分的 ReadProcessMemory 或 WriteProcessMemory 请求。 (0x12B)
[1018/105705.287:WARNING:pe_image_reader.cc(302)] could not read dos header from C:\WINDOWS\SYSTEM32\WINMMBASE.dll
[1018/105705.287:ERROR:process_reader_win.cc(242)] ReadMemory at 0x7ff893b30000 of 64 bytes failed: 仅完成部分的 ReadProcessMemory 或 WriteProcessMemory 请求。 (0x12B)
[1018/105705.287:WARNING:pe_image_reader.cc(302)] could not read dos header from C:\WINDOWS\SYSTEM32\CRYPTBASE.DLL
[1018/105705.287:ERROR:process_reader_win.cc(242)] ReadMemory at 0x7ff897d60000 of 64 bytes failed: 仅完成部分的 ReadProcessMemory 或 WriteProcessMemory 请求。 (0x12B)
[1018/105705.287:WARNING:pe_image_reader.cc(302)] could not read dos header from C:\WINDOWS\System32\IMM32.DLL
[1018/105705.287:ERROR:process_reader_win.cc(242)] ReadMemory at 0x7ff86c2e0000 of 64 bytes failed: 仅完成部分的 ReadProcessMemory 或 WriteProcessMemory 请求。 (0x12B)
[1018/105705.287:WARNING:pe_image_reader.cc(302)] could not read dos header from C:\Program Files\DeviceLock Agent\DLForeignProcHlp_x64.dll
[1018/105705.287:ERROR:process_reader_win.cc(242)] ReadMemory at 0x7ff895540000 of 64 bytes failed: 仅完成部分的 ReadProcessMemory 或 WriteProcessMemory 请求。 (0x12B)
[1018/105705.287:WARNING:pe_image_reader.cc(302)] could not read dos header from C:\WINDOWS\System32\ole32.dll
[1018/105705.287:ERROR:process_reader_win.cc(242)] ReadMemory at 0x7ff88d500000 of 64 bytes failed: 仅完成部分的 ReadProcessMemory 或 WriteProcessMemory 请求。 (0x12B)
[1018/105705.287:WARNING:pe_image_reader.cc(302)] could not read dos header from C:\WINDOWS\SYSTEM32\WINSPOOL.DRV
[1018/105705.287:ERROR:process_reader_win.cc(242)] ReadMemory at 0x7ff890910000 of 64 bytes failed: 仅完成部分的 ReadProcessMemory 或 WriteProcessMemory 请求。 (0x12B)
[1018/105705.287:WARNING:pe_image_reader.cc(302)] could not read dos header from C:\WINDOWS\SYSTEM32\PROPSYS.dll
[1018/105705.287:ERROR:process_reader_win.cc(242)] ReadMemory at 0x21380500000 of 64 bytes failed: 仅完成部分的 ReadProcessMemory 或 WriteProcessMemory 请求。 (0x12B)
[1018/105705.287:WARNING:pe_image_reader.cc(302)] could not read dos header from C:\WINDOWS\System32\OLEAUT32.dll
[1018/105705.287:ERROR:process_reader_win.cc(242)] ReadMemory at 0x7ff8936e0000 of 64 bytes failed: 仅完成部分的 ReadProcessMemory 或 WriteProcessMemory 请求。 (0x12B)
[1018/105705.287:WARNING:pe_image_reader.cc(302)] could not read dos header from C:\WINDOWS\SYSTEM32\IPHLPAPI.DLL
[1018/105705.287:ERROR:process_reader_win.cc(242)] ReadMemory at 0x7ff893c40000 of 64 bytes failed: 仅完成部分的 ReadProcessMemory 或 WriteProcessMemory 请求。 (0x12B)
[1018/105705.287:WARNING:pe_image_reader.cc(302)] could not read dos header from C:\WINDOWS\SYSTEM32\bcrypt.dll
[1018/105705.287:ERROR:process_reader_win.cc(242)] ReadMemory at 0x21380860000 of 64 bytes failed: 仅完成部分的 ReadProcessMemory 或 WriteProcessMemory 请求。 (0x12B)
[1018/105705.287:WARNING:pe_image_reader.cc(302)] could not read dos header from C:\Program Files\DeviceLock Agent\FreeImage_x64.dll
[1018/105705.287:ERROR:process_reader_win.cc(242)] ReadMemory at 0x21380270000 of 64 bytes failed: 仅完成部分的 ReadProcessMemory 或 WriteProcessMemory 请求。 (0x12B)
[1018/105705.288:WARNING:pe_image_reader.cc(302)] could not read dos header from C:\WINDOWS\System32\WS2_32.dll
[1018/105705.288:ERROR:process_reader_win.cc(242)] ReadMemory at 0x7ff8371b0000 of 64 bytes failed: 仅完成部分的 ReadProcessMemory 或 WriteProcessMemory 请求。 (0x12B)
[1018/105705.288:WARNING:pe_image_reader.cc(302)] could not read dos header from C:\Program Files (x86)\Google\Chrome\Application\69.0.3497.100\chrome_child.dll
[1018/105705.288:ERROR:process_reader_win.cc(242)] ReadMemory at 0x7ff894a80000 of 64 bytes failed: 仅完成部分的 ReadProcessMemory 或 WriteProcessMemory 请求。 (0x12B)
[1018/105705.288:WARNING:pe_image_reader.cc(302)] could not read dos header from C:\WINDOWS\System32\WINTRUST.dll
[1018/105705.288:ERROR:process_reader_win.cc(242)] ReadMemory at 0x7ff894180000 of 64 bytes failed: 仅完成部分的 ReadProcessMemory 或 WriteProcessMemory 请求。 (0x12B)
[1018/105705.289:WARNING:pe_image_reader.cc(302)] could not read dos header from C:\WINDOWS\System32\MSASN1.dll
[1018/105705.289:ERROR:process_reader_win.cc(242)] ReadMemory at 0x7ff894ed0000 of 64 bytes failed: 仅完成部分的 ReadProcessMemory 或 WriteProcessMemory 请求。 (0x12B)
[1018/105705.289:WARNING:pe_image_reader.cc(302)] could not read dos header from C:\WINDOWS\System32\CRYPT32.dll
[1018/105705.289:ERROR:process_reader_win.cc(242)] ReadMemory at 0x7ff895260000 of 64 bytes failed: 仅完成部分的 ReadProcessMemory 或 WriteProcessMemory 请求。 (0x12B)
[1018/105705.289:WARNING:pe_image_reader.cc(302)] could not read dos header from C:\WINDOWS\System32\COMDLG32.dll
[1018/105705.289:ERROR:process_reader_win.cc(242)] ReadMemory at 0x7ff866220000 of 64 bytes failed: 仅完成部分的 ReadProcessMemory 或 WriteProcessMemory 请求。 (0x12B)
[1018/105705.289:WARNING:pe_image_reader.cc(302)] could not read dos header from C:\WINDOWS\SYSTEM32\msdmo.dll
[1018/105705.289:ERROR:process_reader_win.cc(242)] ReadMemory at 0x7ff887bf0000 of 64 bytes failed: 仅完成部分的 ReadProcessMemory 或 WriteProcessMemory 请求。 (0x12B)
[1018/105705.289:WARNING:pe_image_reader.cc(302)] could not read dos header from C:\WINDOWS\WinSxS\amd64_microsoft.windows.common-controls_6595b64144ccf1df_6.0.17134.285_none_fb4297e330656775\COMCTL32.dll
[1018/105705.289:ERROR:process_reader_win.cc(242)] ReadMemory at 0x7ff86cd80000 of 64 bytes failed: 仅完成部分的 ReadProcessMemory 或 WriteProcessMemory 请求。 (0x12B)
[1018/105705.289:WARNING:pe_image_reader.cc(302)] could not read dos header from C:\WINDOWS\SYSTEM32\DWrite.dll
[1018/105705.289:ERROR:process_reader_win.cc(242)] ReadMemory at 0x7ff888de0000 of 64 bytes failed: 仅完成部分的 ReadProcessMemory 或 WriteProcessMemory 请求。 (0x12B)
[1018/105705.289:WARNING:pe_image_reader.cc(302)] could not read dos header from C:\WINDOWS\SYSTEM32\dbghelp.dll
[1018/105705.289:ERROR:process_reader_win.cc(242)] ReadMemory at 0x7ff884360000 of 64 bytes failed: 仅完成部分的 ReadProcessMemory 或 WriteProcessMemory 请求。 (0x12B)
[1018/105705.289:WARNING:pe_image_reader.cc(302)] could not read dos header from C:\WINDOWS\SYSTEM32\USP10.dll
[1018/105705.290:ERROR:process_reader_win.cc(242)] ReadMemory at 0x7ff892ea0000 of 64 bytes failed: 仅完成部分的 ReadProcessMemory 或 WriteProcessMemory 请求。 (0x12B)
[1018/105705.290:WARNING:pe_image_reader.cc(302)] could not read dos header from C:\WINDOWS\SYSTEM32\dxgi.dll
[1018/105705.290:ERROR:process_reader_win.cc(242)] ReadMemory at 0x7ff8892c0000 of 64 bytes failed: 仅完成部分的 ReadProcessMemory 或 WriteProcessMemory 请求。 (0x12B)
[1018/105705.290:WARNING:pe_image_reader.cc(302)] could not read dos header from C:\WINDOWS\SYSTEM32\urlmon.dll
[1018/105705.290:ERROR:process_reader_win.cc(242)] ReadMemory at 0x7ff887ac0000 of 64 bytes failed: 仅完成部分的 ReadProcessMemory 或 WriteProcessMemory 请求。 (0x12B)
[1018/105705.290:WARNING:pe_image_reader.cc(302)] could not read dos header from C:\WINDOWS\SYSTEM32\Secur32.dll
[1018/105705.290:ERROR:process_reader_win.cc(242)] ReadMemory at 0x7ff88ebf0000 of 64 bytes failed: 仅完成部分的 ReadProcessMemory 或 WriteProcessMemory 请求。 (0x12B)
[1018/105705.290:WARNING:pe_image_reader.cc(302)] could not read dos header from C:\WINDOWS\SYSTEM32\dhcpcsvc.DLL
[1018/105705.290:ERROR:process_reader_win.cc(242)] ReadMemory at 0x7ff897d90000 of 64 bytes failed: 仅完成部分的 ReadProcessMemory 或 WriteProcessMemory 请求。 (0x12B)
[1018/105705.290:WARNING:pe_image_reader.cc(302)] could not read dos header from C:\WINDOWS\System32\NSI.dll
[1018/105705.290:ERROR:process_reader_win.cc(242)] ReadMemory at 0x7ff889010000 of 64 bytes failed: 仅完成部分的 ReadProcessMemory 或 WriteProcessMemory 请求。 (0x12B)
[1018/105705.290:WARNING:pe_image_reader.cc(302)] could not read dos header from C:\WINDOWS\SYSTEM32\iertutil.dll
[1018/105705.290:ERROR:process_reader_win.cc(242)] ReadMemory at 0x7ff893fe0000 of 64 bytes failed: 仅完成部分的 ReadProcessMemory 或 WriteProcessMemory 请求。 (0x12B)
[1018/105705.290:WARNING:pe_image_reader.cc(302)] could not read dos header from C:\WINDOWS\SYSTEM32\SSPICLI.DLL
[1018/105705.317:ERROR:process_reader_win.cc(242)] ReadMemory at 0x505d9f4000 of 49152 bytes failed: 仅完成部分的 ReadProcessMemory 或 WriteProcessMemory 请求。 (0x12B)
[1018/105705.317:ERROR:process_reader_win.cc(242)] ReadMemory at 0x505dbfe000 of 8192 bytes failed: 仅完成部分的 ReadProcessMemory 或 WriteProcessMemory 请求。 (0x12B)
[1018/105705.317:ERROR:process_reader_win.cc(242)] ReadMemory at 0x505ddfe000 of 8192 bytes failed: 仅完成部分的 ReadProcessMemory 或 WriteProcessMemory 请求。 (0x12B)
[1018/105705.317:ERROR:process_reader_win.cc(242)] ReadMemory at 0x505dffd000 of 12288 bytes failed: 仅完成部分的 ReadProcessMemory 或 WriteProcessMemory 请求。 (0x12B)
[1018/105705.317:ERROR:process_reader_win.cc(242)] ReadMemory at 0x505e1fe000 of 8192 bytes failed: 仅完成部分的 ReadProcessMemory 或 WriteProcessMemory 请求。 (0x12B)
[1018/105705.317:ERROR:process_reader_win.cc(242)] ReadMemory at 0x505e3fe000 of 8192 bytes failed: 仅完成部分的 ReadProcessMemory 或 WriteProcessMemory 请求。 (0x12B)
[1018/105705.317:ERROR:process_reader_win.cc(242)] ReadMemory at 0x505e5fe000 of 8192 bytes failed: 仅完成部分的 ReadProcessMemory 或 WriteProcessMemory 请求。 (0x12B)
[1018/105705.317:ERROR:process_reader_win.cc(242)] ReadMemory at 0x505e7fd000 of 12288 bytes failed: 仅完成部分的 ReadProcessMemory 或 WriteProcessMemory 请求。 (0x12B)
[1018/105705.317:ERROR:process_reader_win.cc(242)] ReadMemory at 0x505e9ff000 of 4096 bytes failed: 仅完成部分的 ReadProcessMemory 或 WriteProcessMemory 请求。 (0x12B)
[1018/105705.317:ERROR:process_reader_win.cc(242)] ReadMemory at 0x505ebfe000 of 8192 bytes failed: 仅完成部分的 ReadProcessMemory 或 WriteProcessMemory 请求。 (0x12B)
[1018/105705.317:ERROR:process_reader_win.cc(242)] ReadMemory at 0x505edfd000 of 12288 bytes failed: 仅完成部分的 ReadProcessMemory 或 WriteProcessMemory 请求。 (0x12B)
[1018/105705.317:ERROR:process_reader_win.cc(242)] ReadMemory at 0x505effe000 of 8192 bytes failed: 仅完成部分的 ReadProcessMemory 或 WriteProcessMemory 请求。 (0x12B)
[1018/105705.317:ERROR:process_reader_win.cc(242)] ReadMemory at 0x505f1fe000 of 8192 bytes failed: 仅完成部分的 ReadProcessMemory 或 WriteProcessMemory 请求。 (0x12B)
[1018/105705.318:ERROR:process_reader_win.cc(242)] ReadMemory at 0x505f3fe000 of 8192 bytes failed: 仅完成部分的 ReadProcessMemory 或 WriteProcessMemory 请求。 (0x12B)
[1018/105705.318:ERROR:process_reader_win.cc(242)] ReadMemory at 0x505f5fe000 of 8192 bytes failed: 仅完成部分的 ReadProcessMemory 或 WriteProcessMemory 请求。 (0x12B)
[1018/105705.318:ERROR:process_reader_win.cc(242)] ReadMemory at 0x505f7f4000 of 49152 bytes failed: 仅完成部分的 ReadProcessMemory 或 WriteProcessMemory 请求。 (0x12B)
[1018/105705.318:ERROR:process_reader_win.cc(242)] ReadMemory at 0x505f9fe000 of 8192 bytes failed: 仅完成部分的 ReadProcessMemory 或 WriteProcessMemory 请求。 (0x12B)
[1018/105705.318:ERROR:process_reader_win.cc(242)] ReadMemory at 0x505d673000 of 852 bytes failed: 仅完成部分的 ReadProcessMemory 或 WriteProcessMemory 请求。 (0x12B)
[1018/105705.318:ERROR:process_reader_win.cc(242)] ReadMemory at 0x505d674000 of 6024 bytes failed: 仅完成部分的 ReadProcessMemory 或 WriteProcessMemory 请求。 (0x12B)
[1018/105705.318:ERROR:process_reader_win.cc(242)] ReadMemory at 0x505d676000 of 6024 bytes failed: 仅完成部分的 ReadProcessMemory 或 WriteProcessMemory 请求。 (0x12B)
[1018/105705.318:ERROR:process_reader_win.cc(242)] ReadMemory at 0x505d678000 of 6024 bytes failed: 仅完成部分的 ReadProcessMemory 或 WriteProcessMemory 请求。 (0x12B)
[1018/105705.318:ERROR:process_reader_win.cc(242)] ReadMemory at 0x505d67a000 of 6024 bytes failed: 仅完成部分的 ReadProcessMemory 或 WriteProcessMemory 请求。 (0x12B)
[1018/105705.318:ERROR:process_reader_win.cc(242)] ReadMemory at 0x505d67c000 of 6024 bytes failed: 仅完成部分的 ReadProcessMemory 或 WriteProcessMemory 请求。 (0x12B)
[1018/105705.318:ERROR:process_reader_win.cc(242)] ReadMemory at 0x505d67e000 of 6024 bytes failed: 仅完成部分的 ReadProcessMemory 或 WriteProcessMemory 请求。 (0x12B)
[1018/105705.318:ERROR:process_reader_win.cc(242)] ReadMemory at 0x505d680000 of 6024 bytes failed: 仅完成部分的 ReadProcessMemory 或 WriteProcessMemory 请求。 (0x12B)
[1018/105705.318:ERROR:process_reader_win.cc(242)] ReadMemory at 0x505d682000 of 6024 bytes failed: 仅完成部分的 ReadProcessMemory 或 WriteProcessMemory 请求。 (0x12B)
[1018/105705.318:ERROR:process_reader_win.cc(242)] ReadMemory at 0x505d684000 of 6024 bytes failed: 仅完成部分的 ReadProcessMemory 或 WriteProcessMemory 请求。 (0x12B)
[1018/105705.318:ERROR:process_reader_win.cc(242)] ReadMemory at 0x505d686000 of 6024 bytes failed: 仅完成部分的 ReadProcessMemory 或 WriteProcessMemory 请求。 (0x12B)
[1018/105705.318:ERROR:process_reader_win.cc(242)] ReadMemory at 0x505d688000 of 6024 bytes failed: 仅完成部分的 ReadProcessMemory 或 WriteProcessMemory 请求。 (0x12B)
[1018/105705.319:ERROR:process_reader_win.cc(242)] ReadMemory at 0x505d68a000 of 6024 bytes failed: 仅完成部分的 ReadProcessMemory 或 WriteProcessMemory 请求。 (0x12B)
[1018/105705.319:ERROR:process_reader_win.cc(242)] ReadMemory at 0x505d68c000 of 6024 bytes failed: 仅完成部分的 ReadProcessMemory 或 WriteProcessMemory 请求。 (0x12B)
[1018/105705.319:ERROR:process_reader_win.cc(242)] ReadMemory at 0x505d68e000 of 6024 bytes failed: 仅完成部分的 ReadProcessMemory 或 WriteProcessMemory 请求。 (0x12B)
[1018/105705.319:ERROR:process_reader_win.cc(242)] ReadMemory at 0x505d690000 of 6024 bytes failed: 仅完成部分的 ReadProcessMemory 或 WriteProcessMemory 请求。 (0x12B)
[1018/105705.319:ERROR:process_reader_win.cc(242)] ReadMemory at 0x505d692000 of 6024 bytes failed: 仅完成部分的 ReadProcessMemory 或 WriteProcessMemory 请求。 (0x12B)
[1018/105705.319:ERROR:process_reader_win.cc(242)] ReadMemory at 0x505d694000 of 6024 bytes failed: 仅完成部分的 ReadProcessMemory 或 WriteProcessMemory 请求。 (0x12B)
[1018/105705.319:ERROR:process_reader_win.cc(242)] ReadMemory at 0x213805f2500 of 512 bytes failed: 仅完成部分的 ReadProcessMemory 或 WriteProcessMemory 请求。 (0x12B)
[1018/105705.319:ERROR:process_reader_win.cc(242)] ReadMemory at 0x21380b83a50 of 512 bytes failed: 仅完成部分的 ReadProcessMemory 或 WriteProcessMemory 请求。 (0x12B)
[1018/105705.319:ERROR:process_reader_win.cc(242)] ReadMemory at 0x21380b881c0 of 512 bytes failed: 仅完成部分的 ReadProcessMemory 或 WriteProcessMemory 请求。 (0x12B)
[1018/105705.319:ERROR:process_reader_win.cc(242)] ReadMemory at 0x21380ba0340 of 512 bytes failed: 仅完成部分的 ReadProcessMemory 或 WriteProcessMemory 请求。 (0x12B)
[1018/105705.319:ERROR:process_reader_win.cc(242)] ReadMemory at 0x21380ba0688 of 512 bytes failed: 仅完成部分的 ReadProcessMemory 或 WriteProcessMemory 请求。 (0x12B)
[1018/105705.319:ERROR:process_reader_win.cc(242)] ReadMemory at 0x21380ba16a0 of 512 bytes failed: 仅完成部分的 ReadProcessMemory 或 WriteProcessMemory 请求。 (0x12B)
[1018/105705.319:ERROR:process_reader_win.cc(242)] ReadMemory at 0x21380bba130 of 512 bytes failed: 仅完成部分的 ReadProcessMemory 或 WriteProcessMemory 请求。 (0x12B)
[1018/105705.319:ERROR:process_reader_win.cc(242)] ReadMemory at 0x21380bbd88b of 512 bytes failed: 仅完成部分的 ReadProcessMemory 或 WriteProcessMemory 请求。 (0x12B)
[1018/105705.319:ERROR:process_reader_win.cc(242)] ReadMemory at 0x21380bd9e58 of 512 bytes failed: 仅完成部分的 ReadProcessMemory 或 WriteProcessMemory 请求。 (0x12B)
[1018/105705.319:ERROR:process_reader_win.cc(242)] ReadMemory at 0x21380bdcff0 of 688 bytes failed: 仅完成部分的 ReadProcessMemory 或 WriteProcessMemory 请求。 (0x12B)
[1018/105705.319:ERROR:process_reader_win.cc(242)] ReadMemory at 0x21380be02d0 of 512 bytes failed: 仅完成部分的 ReadProcessMemory 或 WriteProcessMemory 请求。 (0x12B)
[1018/105705.319:ERROR:process_reader_win.cc(242)] ReadMemory at 0x21380be1468 of 512 bytes failed: 仅完成部分的 ReadProcessMemory 或 WriteProcessMemory 请求。 (0x12B)
[1018/105705.319:ERROR:process_reader_win.cc(242)] ReadMemory at 0x21382b777f0 of 512 bytes failed: 仅完成部分的 ReadProcessMemory 或 WriteProcessMemory 请求。 (0x12B)
[1018/105705.319:ERROR:process_reader_win.cc(242)] ReadMemory at 0x21382bdbbe0 of 512 bytes failed: 仅完成部分的 ReadProcessMemory 或 WriteProcessMemory 请求。 (0x12B)
[1018/105705.319:ERROR:process_reader_win.cc(242)] ReadMemory at 0x21382c6bd78 of 512 bytes failed: 仅完成部分的 ReadProcessMemory 或 WriteProcessMemory 请求。 (0x12B)
[1018/105705.319:ERROR:process_reader_win.cc(242)] ReadMemory at 0x21382c70cd8 of 512 bytes failed: 仅完成部分的 ReadProcessMemory 或 WriteProcessMemory 请求。 (0x12B)
[1018/105705.319:ERROR:process_reader_win.cc(242)] ReadMemory at 0x21382c8fad8 of 512 bytes failed: 仅完成部分的 ReadProcessMemory 或 WriteProcessMemory 请求。 (0x12B)
[1018/105705.320:ERROR:process_reader_win.cc(242)] ReadMemory at 0x21382c91c50 of 512 bytes failed: 仅完成部分的 ReadProcessMemory 或 WriteProcessMemory 请求。 (0x12B)
[1018/105705.320:ERROR:process_reader_win.cc(242)] ReadMemory at 0x21382cb3f18 of 512 bytes failed: 仅完成部分的 ReadProcessMemory 或 WriteProcessMemory 请求。 (0x12B)
[1018/105705.320:ERROR:process_reader_win.cc(242)] ReadMemory at 0x21382cbfdf8 of 512 bytes failed: 仅完成部分的 ReadProcessMemory 或 WriteProcessMemory 请求。 (0x12B)
[1018/105705.320:ERROR:process_reader_win.cc(242)] ReadMemory at 0x21382ce9770 of 512 bytes failed: 仅完成部分的 ReadProcessMemory 或 WriteProcessMemory 请求。 (0x12B)
[1018/105705.320:ERROR:process_reader_win.cc(242)] ReadMemory at 0x213830ae6f8 of 512 bytes failed: 仅完成部分的 ReadProcessMemory 或 WriteProcessMemory 请求。 (0x12B)
[1018/105705.320:ERROR:process_reader_win.cc(242)] ReadMemory at 0x213e7450ab0 of 512 bytes failed: 仅完成部分的 ReadProcessMemory 或 WriteProcessMemory 请求。 (0x12B)
[1018/105705.320:ERROR:process_reader_win.cc(242)] ReadMemory at 0x213e7450fc0 of 7384 bytes failed: 仅完成部分的 ReadProcessMemory 或 WriteProcessMemory 请求。 (0x12B)
[1018/105705.320:ERROR:process_reader_win.cc(242)] ReadMemory at 0x213e7452ca0 of 1012 bytes failed: 仅完成部分的 ReadProcessMemory 或 WriteProcessMemory 请求。 (0x12B)
[1018/105705.320:ERROR:process_reader_win.cc(242)] ReadMemory at 0x213e74532b8 of 118 bytes failed: 仅完成部分的 ReadProcessMemory 或 WriteProcessMemory 请求。 (0x12B)
[1018/105705.320:ERROR:process_reader_win.cc(242)] ReadMemory at 0x213e7453330 of 1338 bytes failed: 仅完成部分的 ReadProcessMemory 或 WriteProcessMemory 请求。 (0x12B)
[1018/105705.320:ERROR:process_reader_win.cc(242)] ReadMemory at 0x213e745386c of 118 bytes failed: 仅完成部分的 ReadProcessMemory 或 WriteProcessMemory 请求。 (0x12B)
[1018/105705.320:ERROR:process_reader_win.cc(242)] ReadMemory at 0x213e74538e4 of 96 bytes failed: 仅完成部分的 ReadProcessMemory 或 WriteProcessMemory 请求。 (0x12B)
[1018/105705.320:ERROR:process_reader_win.cc(242)] ReadMemory at 0x213e7453950 of 58 bytes failed: 仅完成部分的 ReadProcessMemory 或 WriteProcessMemory 请求。 (0x12B)
[1018/105705.320:ERROR:process_reader_win.cc(242)] ReadMemory at 0x213e7453a50 of 132 bytes failed: 仅完成部分的 ReadProcessMemory 或 WriteProcessMemory 请求。 (0x12B)
[1018/105705.320:ERROR:process_reader_win.cc(242)] ReadMemory at 0x213e7453be0 of 132 bytes failed: 仅完成部分的 ReadProcessMemory 或 WriteProcessMemory 请求。 (0x12B)
[1018/105705.320:ERROR:process_reader_win.cc(242)] ReadMemory at 0x213e7454180 of 132 bytes failed: 仅完成部分的 ReadProcessMemory 或 WriteProcessMemory 请求。 (0x12B)
[1018/105705.320:ERROR:process_reader_win.cc(242)] ReadMemory at 0x213e7454310 of 64 bytes failed: 仅完成部分的 ReadProcessMemory 或 WriteProcessMemory 请求。 (0x12B)
[1018/105705.320:ERROR:process_reader_win.cc(242)] ReadMemory at 0x213e7454470 of 132 bytes failed: 仅完成部分的 ReadProcessMemory 或 WriteProcessMemory 请求。 (0x12B)
[1018/105705.320:ERROR:process_reader_win.cc(242)] ReadMemory at 0x213e7454670 of 62 bytes failed: 仅完成部分的 ReadProcessMemory 或 WriteProcessMemory 请求。 (0x12B)
[1018/105705.320:ERROR:process_reader_win.cc(242)] ReadMemory at 0x213e7454760 of 132 bytes failed: 仅完成部分的 ReadProcessMemory 或 WriteProcessMemory 请求。 (0x12B)
[1018/105705.320:ERROR:process_reader_win.cc(242)] ReadMemory at 0x213e74548f0 of 68 bytes failed: 仅完成部分的 ReadProcessMemory 或 WriteProcessMemory 请求。 (0x12B)
[1018/105705.320:ERROR:process_reader_win.cc(242)] ReadMemory at 0x213e745ada0 of 132 bytes failed: 仅完成部分的 ReadProcessMemory 或 WriteProcessMemory 请求。 (0x12B)
[1018/105705.320:ERROR:process_reader_win.cc(242)] ReadMemory at 0x213e745afe0 of 132 bytes failed: 仅完成部分的 ReadProcessMemory 或 WriteProcessMemory 请求。 (0x12B)
[1018/105705.321:ERROR:process_reader_win.cc(242)] ReadMemory at 0x213e745b170 of 62 bytes failed: 仅完成部分的 ReadProcessMemory 或 WriteProcessMemory 请求。 (0x12B)
[1018/105705.321:ERROR:process_reader_win.cc(242)] ReadMemory at 0x213e745c8e0 of 132 bytes failed: 仅完成部分的 ReadProcessMemory 或 WriteProcessMemory 请求。 (0x12B)
[1018/105705.321:ERROR:process_reader_win.cc(242)] ReadMemory at 0x213e745ca70 of 60 bytes failed: 仅完成部分的 ReadProcessMemory 或 WriteProcessMemory 请求。 (0x12B)
[1018/105705.321:ERROR:process_reader_win.cc(242)] ReadMemory at 0x213e745cac0 of 116 bytes failed: 仅完成部分的 ReadProcessMemory 或 WriteProcessMemory 请求。 (0x12B)
[1018/105705.321:ERROR:process_reader_win.cc(242)] ReadMemory at 0x213e745cc20 of 102 bytes failed: 仅完成部分的 ReadProcessMemory 或 WriteProcessMemory 请求。 (0x12B)
[1018/105705.321:ERROR:process_reader_win.cc(242)] ReadMemory at 0x213e745ccc0 of 132 bytes failed: 仅完成部分的 ReadProcessMemory 或 WriteProcessMemory 请求。 (0x12B)
[1018/105705.321:ERROR:process_reader_win.cc(242)] ReadMemory at 0x213e745ce50 of 64 bytes failed: 仅完成部分的 ReadProcessMemory 或 WriteProcessMemory 请求。 (0x12B)
[1018/105705.321:ERROR:process_reader_win.cc(242)] ReadMemory at 0x213e745d0d0 of 132 bytes failed: 仅完成部分的 ReadProcessMemory 或 WriteProcessMemory 请求。 (0x12B)
[1018/105705.321:ERROR:process_reader_win.cc(242)] ReadMemory at 0x213e745d260 of 64 bytes failed: 仅完成部分的 ReadProcessMemory 或 WriteProcessMemory 请求。 (0x12B)
[1018/105705.321:ERROR:process_reader_win.cc(242)] ReadMemory at 0x213e745d4c0 of 132 bytes failed: 仅完成部分的 ReadProcessMemory 或 WriteProcessMemory 请求。 (0x12B)
[1018/105705.321:ERROR:process_reader_win.cc(242)] ReadMemory at 0x213e745d650 of 60 bytes failed: 仅完成部分的 ReadProcessMemory 或 WriteProcessMemory 请求。 (0x12B)
[1018/105705.321:ERROR:process_reader_win.cc(242)] ReadMemory at 0x213e745d970 of 132 bytes failed: 仅完成部分的 ReadProcessMemory 或 WriteProcessMemory 请求。 (0x12B)
[1018/105705.321:ERROR:process_reader_win.cc(242)] ReadMemory at 0x213e745db00 of 60 bytes failed: 仅完成部分的 ReadProcessMemory 或 WriteProcessMemory 请求。 (0x12B)
[1018/105705.321:ERROR:process_reader_win.cc(242)] ReadMemory at 0x213e745dd40 of 132 bytes failed: 仅完成部分的 ReadProcessMemory 或 WriteProcessMemory 请求。 (0x12B)
[1018/105705.321:ERROR:process_reader_win.cc(242)] ReadMemory at 0x213e745ded0 of 62 bytes failed: 仅完成部分的 ReadProcessMemory 或 WriteProcessMemory 请求。 (0x12B)
[1018/105705.321:ERROR:process_reader_win.cc(242)] ReadMemory at 0x213e745e920 of 158 bytes failed: 仅完成部分的 ReadProcessMemory 或 WriteProcessMemory 请求。 (0x12B)
[1018/105705.321:ERROR:process_reader_win.cc(242)] ReadMemory at 0x213e745ea20 of 132 bytes failed: 仅完成部分的 ReadProcessMemory 或 WriteProcessMemory 请求。 (0x12B)
[1018/105705.321:ERROR:process_reader_win.cc(242)] ReadMemory at 0x213e745eea0 of 80 bytes failed: 仅完成部分的 ReadProcessMemory 或 WriteProcessMemory 请求。 (0x12B)
[1018/105705.321:ERROR:process_reader_win.cc(242)] ReadMemory at 0x213e745f140 of 78 bytes failed: 仅完成部分的 ReadProcessMemory 或 WriteProcessMemory 请求。 (0x12B)
[1018/105705.321:ERROR:process_reader_win.cc(242)] ReadMemory at 0x213e745f320 of 76 bytes failed: 仅完成部分的 ReadProcessMemory 或 WriteProcessMemory 请求。 (0x12B)
[1018/105705.321:ERROR:process_reader_win.cc(242)] ReadMemory at 0x213e745f550 of 132 bytes failed: 仅完成部分的 ReadProcessMemory 或 WriteProcessMemory 请求。 (0x12B)
[1018/105705.321:ERROR:process_reader_win.cc(242)] ReadMemory at 0x213e745fa30 of 132 bytes failed: 仅完成部分的 ReadProcessMemory 或 WriteProcessMemory 请求。 (0x12B)
[1018/105705.321:ERROR:process_reader_win.cc(242)] ReadMemory at 0x213e745fb60 of 64 bytes failed: 仅完成部分的 ReadProcessMemory 或 WriteProcessMemory 请求。 (0x12B)
[1018/105705.322:ERROR:process_reader_win.cc(242)] ReadMemory at 0x213e7460cd0 of 132 bytes failed: 仅完成部分的 ReadProcessMemory 或 WriteProcessMemory 请求。 (0x12B)
[1018/105705.322:ERROR:process_reader_win.cc(242)] ReadMemory at 0x213e7460e50 of 62 bytes failed: 仅完成部分的 ReadProcessMemory 或 WriteProcessMemory 请求。 (0x12B)
[1018/105705.322:ERROR:process_reader_win.cc(242)] ReadMemory at 0x213e7460ea0 of 58 bytes failed: 仅完成部分的 ReadProcessMemory 或 WriteProcessMemory 请求。 (0x12B)
[1018/105705.322:ERROR:process_reader_win.cc(242)] ReadMemory at 0x213e7460ef0 of 66 bytes failed: 仅完成部分的 ReadProcessMemory 或 WriteProcessMemory 请求。 (0x12B)
[1018/105705.322:ERROR:process_reader_win.cc(242)] ReadMemory at 0x213e7460f40 of 60 bytes failed: 仅完成部分的 ReadProcessMemory 或 WriteProcessMemory 请求。 (0x12B)
[1018/105705.322:ERROR:process_reader_win.cc(242)] ReadMemory at 0x213e7460f90 of 60 bytes failed: 仅完成部分的 ReadProcessMemory 或 WriteProcessMemory 请求。 (0x12B)
[1018/105705.322:ERROR:process_reader_win.cc(242)] ReadMemory at 0x213e7460fe0 of 64 bytes failed: 仅完成部分的 ReadProcessMemory 或 WriteProcessMemory 请求。 (0x12B)
[1018/105705.322:ERROR:process_reader_win.cc(242)] ReadMemory at 0x213e7461210 of 64 bytes failed: 仅完成部分的 ReadProcessMemory 或 WriteProcessMemory 请求。 (0x12B)
[1018/105705.322:ERROR:process_reader_win.cc(242)] ReadMemory at 0x213e7461260 of 62 bytes failed: 仅完成部分的 ReadProcessMemory 或 WriteProcessMemory 请求。 (0x12B)
[1018/105705.322:ERROR:process_reader_win.cc(242)] ReadMemory at 0x213e74612b0 of 58 bytes failed: 仅完成部分的 ReadProcessMemory 或 WriteProcessMemory 请求。 (0x12B)
[1018/105705.322:ERROR:process_reader_win.cc(242)] ReadMemory at 0x213e7461300 of 62 bytes failed: 仅完成部分的 ReadProcessMemory 或 WriteProcessMemory 请求。 (0x12B)
[1018/105705.322:ERROR:process_reader_win.cc(242)] ReadMemory at 0x213e7461350 of 58 bytes failed: 仅完成部分的 ReadProcessMemory 或 WriteProcessMemory 请求。 (0x12B)
[1018/105705.322:ERROR:process_reader_win.cc(242)] ReadMemory at 0x213e74613a0 of 60 bytes failed: 仅完成部分的 ReadProcessMemory 或 WriteProcessMemory 请求。 (0x12B)
[1018/105705.322:ERROR:process_reader_win.cc(242)] ReadMemory at 0x213e7461440 of 62 bytes failed: 仅完成部分的 ReadProcessMemory 或 WriteProcessMemory 请求。 (0x12B)
[1018/105705.323:ERROR:process_reader_win.cc(242)] ReadMemory at 0x213e7461530 of 66 bytes failed: 仅完成部分的 ReadProcessMemory 或 WriteProcessMemory 请求。 (0x12B)
[1018/105705.323:ERROR:process_reader_win.cc(242)] ReadMemory at 0x213e7461580 of 62 bytes failed: 仅完成部分的 ReadProcessMemory 或 WriteProcessMemory 请求。 (0x12B)
[1018/105705.323:ERROR:process_reader_win.cc(242)] ReadMemory at 0x213e7461730 of 132 bytes failed: 仅完成部分的 ReadProcessMemory 或 WriteProcessMemory 请求。 (0x12B)
[1018/105705.323:ERROR:process_reader_win.cc(242)] ReadMemory at 0x213e7461860 of 132 bytes failed: 仅完成部分的 ReadProcessMemory 或 WriteProcessMemory 请求。 (0x12B)
[1018/105705.323:ERROR:process_reader_win.cc(242)] ReadMemory at 0x213e7461990 of 132 bytes failed: 仅完成部分的 ReadProcessMemory 或 WriteProcessMemory 请求。 (0x12B)
[1018/105705.323:ERROR:process_reader_win.cc(242)] ReadMemory at 0x213e7461ac0 of 132 bytes failed: 仅完成部分的 ReadProcessMemory 或 WriteProcessMemory 请求。 (0x12B)
[1018/105705.323:ERROR:process_reader_win.cc(242)] ReadMemory at 0x213e7461bf0 of 132 bytes failed: 仅完成部分的 ReadProcessMemory 或 WriteProcessMemory 请求。 (0x12B)
[1018/105705.323:ERROR:process_reader_win.cc(242)] ReadMemory at 0x213e7461d20 of 132 bytes failed: 仅完成部分的 ReadProcessMemory 或 WriteProcessMemory 请求。 (0x12B)
[1018/105705.323:ERROR:process_reader_win.cc(242)] ReadMemory at 0x213e7461e50 of 132 bytes failed: 仅完成部分的 ReadProcessMemory 或 WriteProcessMemory 请求。 (0x12B)
[1018/105705.323:ERROR:process_reader_win.cc(242)] ReadMemory at 0x213e7461f80 of 132 bytes failed: 仅完成部分的 ReadProcessMemory 或 WriteProcessMemory 请求。 (0x12B)
[1018/105705.323:ERROR:process_reader_win.cc(242)] ReadMemory at 0x213e74620b0 of 132 bytes failed: 仅完成部分的 ReadProcessMemory 或 WriteProcessMemory 请求。 (0x12B)
[1018/105705.323:ERROR:process_reader_win.cc(242)] ReadMemory at 0x213e74621e0 of 132 bytes failed: 仅完成部分的 ReadProcessMemory 或 WriteProcessMemory 请求。 (0x12B)
[1018/105705.323:ERROR:process_reader_win.cc(242)] ReadMemory at 0x213e7462310 of 132 bytes failed: 仅完成部分的 ReadProcessMemory 或 WriteProcessMemory 请求。 (0x12B)
[1018/105705.323:ERROR:process_reader_win.cc(242)] ReadMemory at 0x213e7462440 of 132 bytes failed: 仅完成部分的 ReadProcessMemory 或 WriteProcessMemory 请求。 (0x12B)
[1018/105705.323:ERROR:process_reader_win.cc(242)] ReadMemory at 0x213e7462570 of 132 bytes failed: 仅完成部分的 ReadProcessMemory 或 WriteProcessMemory 请求。 (0x12B)
[1018/105705.323:ERROR:process_reader_win.cc(242)] ReadMemory at 0x213e7464180 of 132 bytes failed: 仅完成部分的 ReadProcessMemory 或 WriteProcessMemory 请求。 (0x12B)
[1018/105705.323:ERROR:process_reader_win.cc(242)] ReadMemory at 0x213e74642b0 of 132 bytes failed: 仅完成部分的 ReadProcessMemory 或 WriteProcessMemory 请求。 (0x12B)
[1018/105705.324:ERROR:process_reader_win.cc(242)] ReadMemory at 0x213e7464510 of 132 bytes failed: 仅完成部分的 ReadProcessMemory 或 WriteProcessMemory 请求。 (0x12B)
[1018/105705.324:ERROR:process_reader_win.cc(242)] ReadMemory at 0x213e7464640 of 132 bytes failed: 仅完成部分的 ReadProcessMemory 或 WriteProcessMemory 请求。 (0x12B)
[1018/105705.324:ERROR:process_reader_win.cc(242)] ReadMemory at 0x213e7464770 of 132 bytes failed: 仅完成部分的 ReadProcessMemory 或 WriteProcessMemory 请求。 (0x12B)
[1018/105705.324:ERROR:process_reader_win.cc(242)] ReadMemory at 0x213e74648a0 of 132 bytes failed: 仅完成部分的 ReadProcessMemory 或 WriteProcessMemory 请求。 (0x12B)
[1018/105705.324:ERROR:process_reader_win.cc(242)] ReadMemory at 0x213e74649d0 of 132 bytes failed: 仅完成部分的 ReadProcessMemory 或 WriteProcessMemory 请求。 (0x12B)
[1018/105705.324:ERROR:process_reader_win.cc(242)] ReadMemory at 0x213e7464b00 of 132 bytes failed: 仅完成部分的 ReadProcessMemory 或 WriteProcessMemory 请求。 (0x12B)
[1018/105705.324:ERROR:process_reader_win.cc(242)] ReadMemory at 0x213e7464c30 of 132 bytes failed: 仅完成部分的 ReadProcessMemory 或 WriteProcessMemory 请求。 (0x12B)
[1018/105705.324:ERROR:process_reader_win.cc(242)] ReadMemory at 0x213e7464d60 of 132 bytes failed: 仅完成部分的 ReadProcessMemory 或 WriteProcessMemory 请求。 (0x12B)
[1018/105705.324:ERROR:process_reader_win.cc(242)] ReadMemory at 0x213e7464e90 of 132 bytes failed: 仅完成部分的 ReadProcessMemory 或 WriteProcessMemory 请求。 (0x12B)
[1018/105705.324:ERROR:process_reader_win.cc(242)] ReadMemory at 0x213e7464fc0 of 132 bytes failed: 仅完成部分的 ReadProcessMemory 或 WriteProcessMemory 请求。 (0x12B)
[1018/105705.324:ERROR:process_reader_win.cc(242)] ReadMemory at 0x213e74650f0 of 132 bytes failed: 仅完成部分的 ReadProcessMemory 或 WriteProcessMemory 请求。 (0x12B)
[1018/105705.324:ERROR:process_reader_win.cc(242)] ReadMemory at 0x213e7465220 of 132 bytes failed: 仅完成部分的 ReadProcessMemory 或 WriteProcessMemory 请求。 (0x12B)
[1018/105705.324:ERROR:process_reader_win.cc(242)] ReadMemory at 0x213e7465350 of 132 bytes failed: 仅完成部分的 ReadProcessMemory 或 WriteProcessMemory 请求。 (0x12B)
[1018/105705.324:ERROR:process_reader_win.cc(242)] ReadMemory at 0x213e7465480 of 132 bytes failed: 仅完成部分的 ReadProcessMemory 或 WriteProcessMemory 请求。 (0x12B)
[1018/105705.324:ERROR:process_reader_win.cc(242)] ReadMemory at 0x213e74655b0 of 132 bytes failed: 仅完成部分的 ReadProcessMemory 或 WriteProcessMemory 请求。 (0x12B)
[1018/105705.324:ERROR:process_reader_win.cc(242)] ReadMemory at 0x213e74656e0 of 132 bytes failed: 仅完成部分的 ReadProcessMemory 或 WriteProcessMemory 请求。 (0x12B)
[1018/105705.324:ERROR:process_reader_win.cc(242)] ReadMemory at 0x213e7465810 of 132 bytes failed: 仅完成部分的 ReadProcessMemory 或 WriteProcessMemory 请求。 (0x12B)
[1018/105705.325:ERROR:process_reader_win.cc(242)] ReadMemory at 0x213e7465940 of 132 bytes failed: 仅完成部分的 ReadProcessMemory 或 WriteProcessMemory 请求。 (0x12B)
[1018/105705.325:ERROR:process_reader_win.cc(242)] ReadMemory at 0x213e7465a70 of 132 bytes failed: 仅完成部分的 ReadProcessMemory 或 WriteProcessMemory 请求。 (0x12B)
[1018/105705.325:ERROR:process_reader_win.cc(242)] ReadMemory at 0x213e7465ba0 of 132 bytes failed: 仅完成部分的 ReadProcessMemory 或 WriteProcessMemory 请求。 (0x12B)
[1018/105705.325:ERROR:process_reader_win.cc(242)] ReadMemory at 0x213e7465cd0 of 132 bytes failed: 仅完成部分的 ReadProcessMemory 或 WriteProcessMemory 请求。 (0x12B)
[1018/105705.325:ERROR:process_reader_win.cc(242)] ReadMemory at 0x213e7465e00 of 132 bytes failed: 仅完成部分的 ReadProcessMemory 或 WriteProcessMemory 请求。 (0x12B)
[1018/105705.325:ERROR:process_reader_win.cc(242)] ReadMemory at 0x213e7465f30 of 132 bytes failed: 仅完成部分的 ReadProcessMemory 或 WriteProcessMemory 请求。 (0x12B)
[1018/105705.325:ERROR:process_reader_win.cc(242)] ReadMemory at 0x213e7468160 of 154 bytes failed: 仅完成部分的 ReadProcessMemory 或 WriteProcessMemory 请求。 (0x12B)
[1018/105705.325:ERROR:process_reader_win.cc(242)] ReadMemory at 0x213e7469fc0 of 66 bytes failed: 仅完成部分的 ReadProcessMemory 或 WriteProcessMemory 请求。 (0x12B)
[1018/105705.325:ERROR:process_reader_win.cc(242)] ReadMemory at 0x213e746a5b0 of 58 bytes failed: 仅完成部分的 ReadProcessMemory 或 WriteProcessMemory 请求。 (0x12B)
[1018/105705.325:ERROR:process_reader_win.cc(242)] ReadMemory at 0x213e746a740 of 58 bytes failed: 仅完成部分的 ReadProcessMemory 或 WriteProcessMemory 请求。 (0x12B)
[1018/105705.325:ERROR:process_reader_win.cc(242)] ReadMemory at 0x213e746a790 of 66 bytes failed: 仅完成部分的 ReadProcessMemory 或 WriteProcessMemory 请求。 (0x12B)
[1018/105705.325:ERROR:process_reader_win.cc(242)] ReadMemory at 0x213e746a970 of 64 bytes failed: 仅完成部分的 ReadProcessMemory 或 WriteProcessMemory 请求。 (0x12B)
[1018/105705.325:ERROR:process_reader_win.cc(242)] ReadMemory at 0x213e746a9c0 of 62 bytes failed: 仅完成部分的 ReadProcessMemory 或 WriteProcessMemory 请求。 (0x12B)
[1018/105705.326:ERROR:process_reader_win.cc(242)] ReadMemory at 0x213e746ae20 of 62 bytes failed: 仅完成部分的 ReadProcessMemory 或 WriteProcessMemory 请求。 (0x12B)
[1018/105705.326:ERROR:process_reader_win.cc(242)] ReadMemory at 0x213e7477710 of 60 bytes failed: 仅完成部分的 ReadProcessMemory 或 WriteProcessMemory 请求。 (0x12B)
[1018/105705.326:ERROR:process_reader_win.cc(242)] ReadMemory at 0x213e7477760 of 62 bytes failed: 仅完成部分的 ReadProcessMemory 或 WriteProcessMemory 请求。 (0x12B)
[1018/105705.326:ERROR:process_reader_win.cc(242)] ReadMemory at 0x213e7477800 of 62 bytes failed: 仅完成部分的 ReadProcessMemory 或 WriteProcessMemory 请求。 (0x12B)
[1018/105705.326:ERROR:process_reader_win.cc(242)] ReadMemory at 0x213e7477850 of 62 bytes failed: 仅完成部分的 ReadProcessMemory 或 WriteProcessMemory 请求。 (0x12B)
[1018/105705.326:ERROR:process_reader_win.cc(242)] ReadMemory at 0x213e7477990 of 64 bytes failed: 仅完成部分的 ReadProcessMemory 或 WriteProcessMemory 请求。 (0x12B)
[1018/105705.326:ERROR:process_reader_win.cc(242)] ReadMemory at 0x213e74779e0 of 58 bytes failed: 仅完成部分的 ReadProcessMemory 或 WriteProcessMemory 请求。 (0x12B)
[1018/105705.326:ERROR:process_reader_win.cc(242)] ReadMemory at 0x213e7477b20 of 60 bytes failed: 仅完成部分的 ReadProcessMemory 或 WriteProcessMemory 请求。 (0x12B)
[1018/105705.326:ERROR:process_reader_win.cc(242)] ReadMemory at 0x213e7477bc0 of 62 bytes failed: 仅完成部分的 ReadProcessMemory 或 WriteProcessMemory 请求。 (0x12B)
[1018/105705.326:ERROR:process_reader_win.cc(242)] ReadMemory at 0x213e7477c10 of 64 bytes failed: 仅完成部分的 ReadProcessMemory 或 WriteProcessMemory 请求。 (0x12B)
[1018/105705.326:ERROR:process_reader_win.cc(242)] ReadMemory at 0x213e7477cb0 of 64 bytes failed: 仅完成部分的 ReadProcessMemory 或 WriteProcessMemory 请求。 (0x12B)
[1018/105705.326:ERROR:process_reader_win.cc(242)] ReadMemory at 0x213e7477e40 of 64 bytes failed: 仅完成部分的 ReadProcessMemory 或 WriteProcessMemory 请求。 (0x12B)
[1018/105705.326:ERROR:process_reader_win.cc(242)] ReadMemory at 0x213e7477ee0 of 64 bytes failed: 仅完成部分的 ReadProcessMemory 或 WriteProcessMemory 请求。 (0x12B)
[1018/105705.326:ERROR:process_reader_win.cc(242)] ReadMemory at 0x213e7478020 of 56 bytes failed: 仅完成部分的 ReadProcessMemory 或 WriteProcessMemory 请求。 (0x12B)
[1018/105705.326:ERROR:process_reader_win.cc(242)] ReadMemory at 0x213e74780c0 of 60 bytes failed: 仅完成部分的 ReadProcessMemory 或 WriteProcessMemory 请求。 (0x12B)
[1018/105705.326:ERROR:process_reader_win.cc(242)] ReadMemory at 0x213e7478340 of 58 bytes failed: 仅完成部分的 ReadProcessMemory 或 WriteProcessMemory 请求。 (0x12B)
[1018/105705.326:ERROR:process_reader_win.cc(242)] ReadMemory at 0x213e7478390 of 60 bytes failed: 仅完成部分的 ReadProcessMemory 或 WriteProcessMemory 请求。 (0x12B)
[1018/105705.326:ERROR:process_reader_win.cc(242)] ReadMemory at 0x213e7478570 of 60 bytes failed: 仅完成部分的 ReadProcessMemory 或 WriteProcessMemory 请求。 (0x12B)
[1018/105705.326:ERROR:process_reader_win.cc(242)] ReadMemory at 0x213e747cc70 of 126 bytes failed: 仅完成部分的 ReadProcessMemory 或 WriteProcessMemory 请求。 (0x12B)
[1018/105705.327:ERROR:process_reader_win.cc(242)] ReadMemory at 0x213e747ce00 of 512 bytes failed: 仅完成部分的 ReadProcessMemory 或 WriteProcessMemory 请求。 (0x12B)
[1018/105705.327:ERROR:process_reader_win.cc(242)] ReadMemory at 0x213e747e5a0 of 54 bytes failed: 仅完成部分的 ReadProcessMemory 或 WriteProcessMemory 请求。 (0x12B)
[1018/105705.327:ERROR:process_reader_win.cc(242)] ReadMemory at 0x213e74a1890 of 132 bytes failed: 仅完成部分的 ReadProcessMemory 或 WriteProcessMemory 请求。 (0x12B)
[1018/105705.327:ERROR:process_reader_win.cc(242)] ReadMemory at 0x213e74a19c0 of 132 bytes failed: 仅完成部分的 ReadProcessMemory 或 WriteProcessMemory 请求。 (0x12B)
[1018/105705.327:ERROR:process_reader_win.cc(242)] ReadMemory at 0x213e74a2470 of 132 bytes failed: 仅完成部分的 ReadProcessMemory 或 WriteProcessMemory 请求。 (0x12B)
[1018/105705.327:ERROR:process_reader_win.cc(242)] ReadMemory at 0x213e74a25a0 of 132 bytes failed: 仅完成部分的 ReadProcessMemory 或 WriteProcessMemory 请求。 (0x12B)
[1018/105705.327:ERROR:process_reader_win.cc(242)] ReadMemory at 0x213e74a2df0 of 132 bytes failed: 仅完成部分的 ReadProcessMemory 或 WriteProcessMemory 请求。 (0x12B)
[1018/105705.327:ERROR:process_reader_win.cc(242)] ReadMemory at 0x213e74a32b0 of 132 bytes failed: 仅完成部分的 ReadProcessMemory 或 WriteProcessMemory 请求。 (0x12B)
[1018/105705.327:ERROR:process_reader_win.cc(242)] ReadMemory at 0x213e74a3810 of 246 bytes failed: 仅完成部分的 ReadProcessMemory 或 WriteProcessMemory 请求。 (0x12B)
[1018/105705.327:ERROR:process_reader_win.cc(242)] ReadMemory at 0x213e74b96e0 of 512 bytes failed: 仅完成部分的 ReadProcessMemory 或 WriteProcessMemory 请求。 (0x12B)
[1018/105705.327:ERROR:process_reader_win.cc(242)] ReadMemory at 0x213e74b9ce0 of 512 bytes failed: 仅完成部分的 ReadProcessMemory 或 WriteProcessMemory 请求。 (0x12B)
[1018/105705.327:ERROR:process_reader_win.cc(242)] ReadMemory at 0x38a80e0990a1 of 512 bytes failed: 仅完成部分的 ReadProcessMemory 或 WriteProcessMemory 请求。 (0x12B)
[1018/105705.327:ERROR:process_reader_win.cc(242)] ReadMemory at 0x3c76add30128 of 512 bytes failed: 仅完成部分的 ReadProcessMemory 或 WriteProcessMemory 请求。 (0x12B)
[1018/105705.328:ERROR:process_reader_win.cc(242)] ReadMemory at 0x7ff8371b0000 of 384 bytes failed: 仅完成部分的 ReadProcessMemory 或 WriteProcessMemory 请求。 (0x12B)
[1018/105705.328:ERROR:process_reader_win.cc(242)] ReadMemory at 0x7ff837f4db54 of 512 bytes failed: 仅完成部分的 ReadProcessMemory 或 WriteProcessMemory 请求。 (0x12B)
[1018/105705.328:ERROR:process_reader_win.cc(242)] ReadMemory at 0x7ff8393a8092 of 512 bytes failed: 仅完成部分的 ReadProcessMemory 或 WriteProcessMemory 请求。 (0x12B)
[1018/105705.328:ERROR:process_reader_win.cc(242)] ReadMemory at 0x7ff83b958960 of 512 bytes failed: 仅完成部分的 ReadProcessMemory 或 WriteProcessMemory 请求。 (0x12B)
[1018/105705.328:ERROR:process_reader_win.cc(242)] ReadMemory at 0x7ff897def260 of 512 bytes failed: 仅完成部分的 ReadProcessMemory 或 WriteProcessMemory 请求。 (0x12B)
[1018/105705.328:ERROR:process_reader_win.cc(242)] ReadMemory at 0x7ff897df09e0 of 512 bytes failed: 仅完成部分的 ReadProcessMemory 或 WriteProcessMemory 请求。 (0x12B)
[1018/105705.328:ERROR:process_reader_win.cc(242)] ReadMemory at 0x7ff897df12d0 of 512 bytes failed: 仅完成部分的 ReadProcessMemory 或 WriteProcessMemory 请求。 (0x12B)
[1018/105705.328:ERROR:process_reader_win.cc(242)] ReadMemory at 0x7ff897df30c0 of 512 bytes failed: 仅完成部分的 ReadProcessMemory 或 WriteProcessMemory 请求。 (0x12B)
[1018/105705.328:ERROR:process_reader_win.cc(242)] ReadMemory at 0x7ff897e69ef4 of 672 bytes failed: 仅完成部分的 ReadProcessMemory 或 WriteProcessMemory 请求。 (0x12B)
[1018/105705.328:ERROR:process_reader_win.cc(242)] ReadMemory at 0x7ff897e6a4f4 of 512 bytes failed: 仅完成部分的 ReadProcessMemory 或 WriteProcessMemory 请求。 (0x12B)
[1018/105705.328:ERROR:process_reader_win.cc(242)] ReadMemory at 0x7ff897e6d764 of 608 bytes failed: 仅完成部分的 ReadProcessMemory 或 WriteProcessMemory 请求。 (0x12B)
[1018/105705.328:ERROR:process_reader_win.cc(242)] ReadMemory at 0x7ff897ef3810 of 18 bytes failed: 仅完成部分的 ReadProcessMemory 或 WriteProcessMemory 请求。 (0x12B)
[1018/105705.328:ERROR:process_reader_win.cc(242)] ReadMemory at 0x7ff897f264e0 of 40 bytes failed: 仅完成部分的 ReadProcessMemory 或 WriteProcessMemory 请求。 (0x12B)
[1018/105705.328:ERROR:process_reader_win.cc(242)] ReadMemory at 0x7ff897f26938 of 48 bytes failed: 仅完成部分的 ReadProcessMemory 或 WriteProcessMemory 请求。 (0x12B)
[1018/105705.328:ERROR:process_reader_win.cc(242)] ReadMemory at 0x7ff897f2c360 of 64 bytes failed: 仅完成部分的 ReadProcessMemory 或 WriteProcessMemory 请求。 (0x12B)
[1018/105705.347:ERROR:scoped_process_suspend.cc(40)] NtResumeProcess: 已尝试访问正在退出的过程。 (0xc000010a)
[1018/105959.280:ERROR:process_reader_win.cc(123)] NtOpenThread: {无法访问} 过程已请求访问一对象，但未给访问权限。 (0xc0000022)
[1018/105959.281:ERROR:exception_snapshot_win.cc(88)] thread ID 18508 not found in process
[1018/110825.660:ERROR:process_reader_win.cc(123)] NtOpenThread: {无法访问} 过程已请求访问一对象，但未给访问权限。 (0xc0000022)
[1018/110825.660:ERROR:exception_snapshot_win.cc(88)] thread ID 19180 not found in process
[1018/111758.380:ERROR:process_reader_win.cc(123)] NtOpenThread: {无法访问} 过程已请求访问一对象，但未给访问权限。 (0xc0000022)
[1018/111758.381:ERROR:exception_snapshot_win.cc(88)] thread ID 9720 not found in process
[1018/112231.552:ERROR:process_reader_win.cc(123)] NtOpenThread: {无法访问} 过程已请求访问一对象，但未给访问权限。 (0xc0000022)
[1018/112231.552:ERROR:exception_snapshot_win.cc(88)] thread ID 18388 not found in process
[1018/112822.606:ERROR:process_reader_win.cc(123)] NtOpenThread: {无法访问} 过程已请求访问一对象，但未给访问权限。 (0xc0000022)
[1018/112822.607:ERROR:exception_snapshot_win.cc(88)] thread ID 13908 not found in process
[1018/144535.352:ERROR:process_reader_win.cc(123)] NtOpenThread: {无法访问} 过程已请求访问一对象，但未给访问权限。 (0xc0000022)
[1018/144535.382:ERROR:exception_snapshot_win.cc(88)] thread ID 24204 not found in process
[1018/145210.869:ERROR:process_reader_win.cc(123)] NtOpenThread: {无法访问} 过程已请求访问一对象，但未给访问权限。 (0xc0000022)
[1018/145210.870:ERROR:exception_snapshot_win.cc(88)] thread ID 11080 not found in process
[1018/152305.753:ERROR:process_reader_win.cc(123)] NtOpenThread: {无法访问} 过程已请求访问一对象，但未给访问权限。 (0xc0000022)
[1018/152305.754:ERROR:exception_snapshot_win.cc(88)] thread ID 18208 not found in process
[1018/152753.995:ERROR:process_reader_win.cc(123)] NtOpenThread: {无法访问} 过程已请求访问一对象，但未给访问权限。 (0xc0000022)
[1018/152753.996:ERROR:exception_snapshot_win.cc(88)] thread ID 13980 not found in process
[1019/145602.242:ERROR:process_reader_win.cc(123)] NtOpenThread: {无法访问} 过程已请求访问一对象，但未给访问权限。 (0xc0000022)
[1019/145602.273:ERROR:exception_snapshot_win.cc(88)] thread ID 29628 not found in process
[1019/152353.740:ERROR:process_reader_win.cc(123)] NtOpenThread: {无法访问} 过程已请求访问一对象，但未给访问权限。 (0xc0000022)
[1019/152353.741:ERROR:exception_snapshot_win.cc(88)] thread ID 29952 not found in process
[1019/152356.408:ERROR:process_reader_win.cc(123)] NtOpenThread: {无法访问} 过程已请求访问一对象，但未给访问权限。 (0xc0000022)
[1019/152356.409:ERROR:exception_snapshot_win.cc(88)] thread ID 24832 not found in process
[1019/153705.314:ERROR:process_reader_win.cc(123)] NtOpenThread: {无法访问} 过程已请求访问一对象，但未给访问权限。 (0xc0000022)
[1019/153705.315:ERROR:exception_snapshot_win.cc(88)] thread ID 31928 not found in process
[1022/101647.919:ERROR:process_reader_win.cc(123)] NtOpenThread: {Access Denied} A process has requested access to an object, but has not been granted those access rights. (0xc0000022)
[1022/101647.935:ERROR:exception_snapshot_win.cc(88)] thread ID 8956 not found in process
[1022/145441.544:ERROR:process_reader_win.cc(123)] NtOpenThread: {Access Denied} A process has requested access to an object, but has not been granted those access rights. (0xc0000022)
[1022/145441.557:ERROR:exception_snapshot_win.cc(88)] thread ID 12264 not found in process
[1022/150048.815:ERROR:process_reader_win.cc(123)] NtOpenThread: {Access Denied} A process has requested access to an object, but has not been granted those access rights. (0xc0000022)
[1022/150048.816:ERROR:exception_snapshot_win.cc(88)] thread ID 8256 not found in process
[1022/150856.773:ERROR:process_reader_win.cc(123)] NtOpenThread: {Access Denied} A process has requested access to an object, but has not been granted those access rights. (0xc0000022)
[1022/150856.775:ERROR:exception_snapshot_win.cc(88)] thread ID 13068 not found in process
[1022/172646.269:ERROR:process_reader_win.cc(123)] NtOpenThread: {Access Denied} A process has requested access to an object, but has not been granted those access rights. (0xc0000022)
[1022/172646.280:ERROR:exception_snapshot_win.cc(88)] thread ID 7076 not found in process
[1023/083444.048:ERROR:process_reader_win.cc(123)] NtOpenThread: {Access Denied} A process has requested access to an object, but has not been granted those access rights. (0xc0000022)
[1023/083444.076:ERROR:exception_snapshot_win.cc(88)] thread ID 5092 not found in process
[1023/095417.602:ERROR:process_reader_win.cc(123)] NtOpenThread: {Access Denied} A process has requested access to an object, but has not been granted those access rights. (0xc0000022)
[1023/095417.604:ERROR:exception_snapshot_win.cc(88)] thread ID 10372 not found in process
[1023/095420.529:ERROR:process_reader_win.cc(123)] NtOpenThread: {Access Denied} A process has requested access to an object, but has not been granted those access rights. (0xc0000022)
[1023/095420.531:ERROR:exception_snapshot_win.cc(88)] thread ID 14160 not found in process
[1023/105715.236:ERROR:process_reader_win.cc(123)] NtOpenThread: {Access Denied} A process has requested access to an object, but has not been granted those access rights. (0xc0000022)
[1023/105715.247:ERROR:exception_snapshot_win.cc(88)] thread ID 7496 not found in process
[1023/154855.278:ERROR:process_reader_win.cc(123)] NtOpenThread: {Access Denied} A process has requested access to an object, but has not been granted those access rights. (0xc0000022)
[1023/154855.278:ERROR:process_reader_win.cc(123)] NtOpenThread: {Access Denied} A process has requested access to an object, but has not been granted those access rights. (0xc0000022)
[1023/154855.292:ERROR:exception_snapshot_win.cc(88)] thread ID 17540 not found in process
[1023/154855.292:ERROR:exception_snapshot_win.cc(88)] thread ID 4092 not found in process
[1023/154855.279:ERROR:process_reader_win.cc(123)] NtOpenThread: {Access Denied} A process has requested access to an object, but has not been granted those access rights. (0xc0000022)
[1023/154855.281:ERROR:process_reader_win.cc(123)] NtOpenThread: {Access Denied} A process has requested access to an object, but has not been granted those access rights. (0xc0000022)
[1023/154855.284:ERROR:process_reader_win.cc(123)] NtOpenThread: {Access Denied} A process has requested access to an object, but has not been granted those access rights. (0xc0000022)
[1023/154855.279:ERROR:process_reader_win.cc(123)] NtOpenThread: {Access Denied} A process has requested access to an object, but has not been granted those access rights. (0xc0000022)
[1023/154855.293:ERROR:exception_snapshot_win.cc(88)] thread ID 17528 not found in process
[1023/154855.293:ERROR:exception_snapshot_win.cc(88)] thread ID 6484 not found in process
[1023/154855.293:ERROR:exception_snapshot_win.cc(88)] thread ID 6300 not found in process
[1023/154855.293:ERROR:exception_snapshot_win.cc(88)] thread ID 2344 not found in process
[1023/154855.284:ERROR:process_reader_win.cc(123)] NtOpenThread: {Access Denied} A process has requested access to an object, but has not been granted those access rights. (0xc0000022)
[1023/154855.293:ERROR:exception_snapshot_win.cc(88)] thread ID 13624 not found in process
[1023/155539.050:ERROR:process_reader_win.cc(123)] NtOpenThread: {Access Denied} A process has requested access to an object, but has not been granted those access rights. (0xc0000022)
[1023/155539.114:ERROR:exception_snapshot_win.cc(88)] thread ID 18560 not found in process
[1023/155539.071:ERROR:process_reader_win.cc(123)] NtOpenThread: {Access Denied} A process has requested access to an object, but has not been granted those access rights. (0xc0000022)
[1023/155539.071:ERROR:process_reader_win.cc(123)] NtOpenThread: {Access Denied} A process has requested access to an object, but has not been granted those access rights. (0xc0000022)
[1023/155539.114:ERROR:exception_snapshot_win.cc(88)] thread ID 18548 not found in process
[1023/155539.062:ERROR:process_reader_win.cc(123)] NtOpenThread: {Access Denied} A process has requested access to an object, but has not been granted those access rights. (0xc0000022)
[1023/155539.114:ERROR:exception_snapshot_win.cc(88)] thread ID 18536 not found in process
[1023/155539.114:ERROR:exception_snapshot_win.cc(88)] thread ID 18540 not found in process
[1023/155539.127:ERROR:process_reader_win.cc(151)] SuspendThread: Access is denied. (0x5)
[1023/155539.129:ERROR:process_reader_win.cc(123)] NtOpenThread: {Access Denied} A process has requested access to an object, but has not been granted those access rights. (0xc0000022)
[1023/155539.135:ERROR:exception_snapshot_win.cc(88)] thread ID 18532 not found in process
[1023/155539.132:ERROR:process_reader_win.cc(123)] NtOpenThread: {Access Denied} A process has requested access to an object, but has not been granted those access rights. (0xc0000022)
[1023/155539.142:ERROR:exception_snapshot_win.cc(88)] thread ID 18556 not found in process
[1023/155539.137:ERROR:process_reader_win.cc(123)] NtOpenThread: {Access Denied} A process has requested access to an object, but has not been granted those access rights. (0xc0000022)
[1023/155539.149:ERROR:exception_snapshot_win.cc(88)] thread ID 18544 not found in process
[1023/155539.151:ERROR:process_reader_win.cc(123)] NtOpenThread: {Access Denied} A process has requested access to an object, but has not been granted those access rights. (0xc0000022)
[1023/155539.282:ERROR:exception_snapshot_win.cc(88)] thread ID 18552 not found in process
[1023/155843.979:ERROR:process_reader_win.cc(123)] NtOpenThread: {Access Denied} A process has requested access to an object, but has not been granted those access rights. (0xc0000022)
[1023/155843.981:ERROR:exception_snapshot_win.cc(88)] thread ID 8664 not found in process
[1023/155843.989:ERROR:process_reader_win.cc(123)] NtOpenThread: {Access Denied} A process has requested access to an object, but has not been granted those access rights. (0xc0000022)
[1023/155843.991:ERROR:exception_snapshot_win.cc(88)] thread ID 18168 not found in process
[1023/172731.245:ERROR:process_reader_win.cc(123)] NtOpenThread: {Access Denied} A process has requested access to an object, but has not been granted those access rights. (0xc0000022)
[1023/172731.247:ERROR:exception_snapshot_win.cc(88)] thread ID 15000 not found in process
[1023/184227.685:ERROR:process_reader_win.cc(123)] NtOpenThread: {Access Denied} A process has requested access to an object, but has not been granted those access rights. (0xc0000022)
[1023/184227.703:ERROR:exception_snapshot_win.cc(88)] thread ID 4420 not found in process
[1023/200949.525:ERROR:process_reader_win.cc(123)] NtOpenThread: {Access Denied} A process has requested access to an object, but has not been granted those access rights. (0xc0000022)
[1023/200949.527:ERROR:exception_snapshot_win.cc(88)] thread ID 16924 not found in process
[1023/201206.359:ERROR:process_reader_win.cc(123)] NtOpenThread: {Access Denied} A process has requested access to an object, but has not been granted those access rights. (0xc0000022)
[1023/201206.363:ERROR:exception_snapshot_win.cc(88)] thread ID 16056 not found in process
[1023/202417.412:ERROR:process_reader_win.cc(123)] NtOpenThread: {Access Denied} A process has requested access to an object, but has not been granted those access rights. (0xc0000022)
[1023/202417.415:ERROR:exception_snapshot_win.cc(88)] thread ID 15076 not found in process
[1023/202417.422:ERROR:process_reader_win.cc(123)] NtOpenThread: {Access Denied} A process has requested access to an object, but has not been granted those access rights. (0xc0000022)
[1023/202417.424:ERROR:exception_snapshot_win.cc(88)] thread ID 12700 not found in process
[1023/203257.712:ERROR:process_reader_win.cc(123)] NtOpenThread: {Access Denied} A process has requested access to an object, but has not been granted those access rights. (0xc0000022)
[1023/203257.715:ERROR:exception_snapshot_win.cc(88)] thread ID 4388 not found in process
[1023/203302.073:ERROR:process_reader_win.cc(123)] NtOpenThread: {Access Denied} A process has requested access to an object, but has not been granted those access rights. (0xc0000022)
[1023/203302.075:ERROR:exception_snapshot_win.cc(88)] thread ID 8360 not found in process
[1023/203536.385:ERROR:process_reader_win.cc(123)] NtOpenThread: {Access Denied} A process has requested access to an object, but has not been granted those access rights. (0xc0000022)
[1023/203536.387:ERROR:exception_snapshot_win.cc(88)] thread ID 10592 not found in process
[1023/204016.241:ERROR:process_reader_win.cc(123)] NtOpenThread: {Access Denied} A process has requested access to an object, but has not been granted those access rights. (0xc0000022)
[1023/204016.244:ERROR:exception_snapshot_win.cc(88)] thread ID 9904 not found in process
[1023/204310.762:ERROR:process_reader_win.cc(123)] NtOpenThread: {Access Denied} A process has requested access to an object, but has not been granted those access rights. (0xc0000022)
[1023/204310.764:ERROR:exception_snapshot_win.cc(88)] thread ID 8716 not found in process
[1023/223845.704:ERROR:process_reader_win.cc(123)] NtOpenThread: {Access Denied} A process has requested access to an object, but has not been granted those access rights. (0xc0000022)
[1023/223845.720:ERROR:exception_snapshot_win.cc(88)] thread ID 17484 not found in process
[1023/230030.691:ERROR:process_reader_win.cc(123)] NtOpenThread: {Access Denied} A process has requested access to an object, but has not been granted those access rights. (0xc0000022)
[1023/230030.707:ERROR:exception_snapshot_win.cc(88)] thread ID 14260 not found in process
[1023/230030.691:ERROR:process_reader_win.cc(123)] NtOpenThread: {Access Denied} A process has requested access to an object, but has not been granted those access rights. (0xc0000022)
[1023/230030.708:ERROR:exception_snapshot_win.cc(88)] thread ID 15776 not found in process
[1023/230804.711:ERROR:process_reader_win.cc(123)] NtOpenThread: {Access Denied} A process has requested access to an object, but has not been granted those access rights. (0xc0000022)
[1023/230804.714:ERROR:exception_snapshot_win.cc(88)] thread ID 13184 not found in process
[1023/230804.719:ERROR:process_reader_win.cc(123)] NtOpenThread: {Access Denied} A process has requested access to an object, but has not been granted those access rights. (0xc0000022)
[1023/230804.721:ERROR:exception_snapshot_win.cc(88)] thread ID 9704 not found in process
[1023/231400.228:ERROR:process_reader_win.cc(123)] NtOpenThread: {Access Denied} A process has requested access to an object, but has not been granted those access rights. (0xc0000022)
[1023/231400.231:ERROR:exception_snapshot_win.cc(88)] thread ID 14308 not found in process
[1023/232856.547:ERROR:process_reader_win.cc(123)] NtOpenThread: {Access Denied} A process has requested access to an object, but has not been granted those access rights. (0xc0000022)
[1023/232856.549:ERROR:process_reader_win.cc(123)] NtOpenThread: {Access Denied} A process has requested access to an object, but has not been granted those access rights. (0xc0000022)
[1023/232856.549:ERROR:process_reader_win.cc(123)] NtOpenThread: {Access Denied} A process has requested access to an object, but has not been granted those access rights. (0xc0000022)
[1023/232856.561:ERROR:exception_snapshot_win.cc(88)] thread ID 3980 not found in process
[1023/232856.561:ERROR:exception_snapshot_win.cc(88)] thread ID 15640 not found in process
[1023/232856.561:ERROR:exception_snapshot_win.cc(88)] thread ID 19024 not found in process
[1023/233649.287:ERROR:process_reader_win.cc(123)] NtOpenThread: {Access Denied} A process has requested access to an object, but has not been granted those access rights. (0xc0000022)
[1023/233649.289:ERROR:exception_snapshot_win.cc(88)] thread ID 12272 not found in process
[1023/233649.307:ERROR:process_reader_win.cc(123)] NtOpenThread: {Access Denied} A process has requested access to an object, but has not been granted those access rights. (0xc0000022)
[1023/233649.309:ERROR:exception_snapshot_win.cc(88)] thread ID 18048 not found in process
[1024/090442.276:ERROR:process_reader_win.cc(123)] NtOpenThread: {Access Denied} A process has requested access to an object, but has not been granted those access rights. (0xc0000022)
[1024/090442.278:ERROR:exception_snapshot_win.cc(88)] thread ID 5432 not found in process
[1024/091028.649:ERROR:process_reader_win.cc(123)] NtOpenThread: {Access Denied} A process has requested access to an object, but has not been granted those access rights. (0xc0000022)
[1024/091028.657:ERROR:exception_snapshot_win.cc(88)] thread ID 13532 not found in process
[1024/135814.622:ERROR:process_reader_win.cc(123)] NtOpenThread: {Access Denied} A process has requested access to an object, but has not been granted those access rights. (0xc0000022)
[1024/135814.624:ERROR:exception_snapshot_win.cc(88)] thread ID 18724 not found in process
[1024/151851.559:ERROR:process_reader_win.cc(123)] NtOpenThread: {Access Denied} A process has requested access to an object, but has not been granted those access rights. (0xc0000022)
[1024/151851.570:ERROR:exception_snapshot_win.cc(88)] thread ID 13108 not found in process
[1024/151851.559:ERROR:process_reader_win.cc(123)] NtOpenThread: {Access Denied} A process has requested access to an object, but has not been granted those access rights. (0xc0000022)
[1024/151851.570:ERROR:exception_snapshot_win.cc(88)] thread ID 3872 not found in process
[1024/152337.251:ERROR:process_reader_win.cc(123)] NtOpenThread: {Access Denied} A process has requested access to an object, but has not been granted those access rights. (0xc0000022)
[1024/152337.267:ERROR:exception_snapshot_win.cc(88)] thread ID 18792 not found in process
[1024/152337.251:ERROR:process_reader_win.cc(123)] NtOpenThread: {Access Denied} A process has requested access to an object, but has not been granted those access rights. (0xc0000022)
[1024/152337.267:ERROR:exception_snapshot_win.cc(88)] thread ID 15548 not found in process
[1024/160853.912:ERROR:process_reader_win.cc(123)] NtOpenThread: {Access Denied} A process has requested access to an object, but has not been granted those access rights. (0xc0000022)
[1024/160853.914:ERROR:exception_snapshot_win.cc(88)] thread ID 9340 not found in process
[1024/164253.709:ERROR:process_reader_win.cc(123)] NtOpenThread: {Access Denied} A process has requested access to an object, but has not been granted those access rights. (0xc0000022)
[1024/164253.715:ERROR:exception_snapshot_win.cc(88)] thread ID 696 not found in process
[1024/164253.721:ERROR:process_reader_win.cc(123)] NtOpenThread: {Access Denied} A process has requested access to an object, but has not been granted those access rights. (0xc0000022)
[1024/164253.723:ERROR:exception_snapshot_win.cc(88)] thread ID 18292 not found in process
[1024/164253.726:ERROR:process_reader_win.cc(123)] NtOpenThread: {Access Denied} A process has requested access to an object, but has not been granted those access rights. (0xc0000022)
[1024/164253.728:ERROR:exception_snapshot_win.cc(88)] thread ID 12320 not found in process
[1024/164453.395:ERROR:process_reader_win.cc(123)] NtOpenThread: {Access Denied} A process has requested access to an object, but has not been granted those access rights. (0xc0000022)
[1024/164453.398:ERROR:exception_snapshot_win.cc(88)] thread ID 2088 not found in process
[1025/162923.701:ERROR:process_reader_win.cc(123)] NtOpenThread: {Access Denied} A process has requested access to an object, but has not been granted those access rights. (0xc0000022)
[1025/162923.704:ERROR:exception_snapshot_win.cc(88)] thread ID 16496 not found in process
[1025/164532.359:ERROR:process_reader_win.cc(123)] NtOpenThread: {Access Denied} A process has requested access to an object, but has not been granted those access rights. (0xc0000022)
[1025/164532.361:ERROR:exception_snapshot_win.cc(88)] thread ID 13212 not found in process
[1025/171304.352:ERROR:process_reader_win.cc(123)] NtOpenThread: {Access Denied} A process has requested access to an object, but has not been granted those access rights. (0xc0000022)
[1025/171304.354:ERROR:exception_snapshot_win.cc(88)] thread ID 12400 not found in process
[1025/171937.471:ERROR:process_reader_win.cc(123)] NtOpenThread: {Access Denied} A process has requested access to an object, but has not been granted those access rights. (0xc0000022)
[1025/171937.473:ERROR:exception_snapshot_win.cc(88)] thread ID 15200 not found in process
[1030/142242.631:ERROR:process_reader_win.cc(123)] NtOpenThread: {Access Denied} A process has requested access to an object, but has not been granted those access rights. (0xc0000022)
[1030/142242.653:ERROR:exception_snapshot_win.cc(88)] thread ID 5696 not found in process
[1030/162442.910:ERROR:process_reader_win.cc(123)] NtOpenThread: {Access Denied} A process has requested access to an object, but has not been granted those access rights. (0xc0000022)
[1030/162442.912:ERROR:exception_snapshot_win.cc(88)] thread ID 16396 not found in process
[0111/154638.375:ERROR:process_reader_win.cc(123)] NtOpenThread: {????} ??????????,????????? (0xc0000022)
[0111/154638.383:ERROR:exception_snapshot_win.cc(88)] thread ID 3128 not found in process
[0111/160552.497:ERROR:process_reader_win.cc(123)] NtOpenThread: {????} ??????????,????????? (0xc0000022)
[0111/160552.507:ERROR:exception_snapshot_win.cc(88)] thread ID 16240 not found in process
[0111/160553.858:ERROR:process_reader_win.cc(123)] NtOpenThread: {????} ??????????,????????? (0xc0000022)
[0111/160553.859:ERROR:exception_snapshot_win.cc(88)] thread ID 14964 not found in process
[0111/160554.741:ERROR:process_reader_win.cc(123)] NtOpenThread: {????} ??????????,????????? (0xc0000022)
[0111/160554.744:ERROR:exception_snapshot_win.cc(88)] thread ID 15540 not found in process
[0111/161303.476:ERROR:process_reader_win.cc(123)] NtOpenThread: {????} ??????????,????????? (0xc0000022)
[0111/161303.478:ERROR:exception_snapshot_win.cc(88)] thread ID 10516 not found in process
[0111/161303.481:ERROR:process_reader_win.cc(123)] NtOpenThread: {????} ??????????,????????? (0xc0000022)
[0111/161303.483:ERROR:exception_snapshot_win.cc(88)] thread ID 11824 not found in process
[0114/091505.754:ERROR:process_reader_win.cc(123)] NtOpenThread: {????} ??????????,????????? (0xc0000022)
[0114/091505.764:ERROR:exception_snapshot_win.cc(88)] thread ID 13780 not found in process
[0114/091508.522:ERROR:process_reader_win.cc(123)] NtOpenThread: {????} ??????????,????????? (0xc0000022)
[0114/091508.524:ERROR:exception_snapshot_win.cc(88)] thread ID 9944 not found in process
[0114/091956.308:ERROR:process_reader_win.cc(123)] NtOpenThread: {????} ??????????,????????? (0xc0000022)
[0114/091956.315:ERROR:exception_snapshot_win.cc(88)] thread ID 7952 not found in process
[0114/091957.613:ERROR:process_reader_win.cc(123)] NtOpenThread: {????} ??????????,????????? (0xc0000022)
[0114/091957.615:ERROR:exception_snapshot_win.cc(88)] thread ID 5780 not found in process
[0114/092140.007:ERROR:process_reader_win.cc(123)] NtOpenThread: {????} ??????????,????????? (0xc0000022)
[0114/092140.009:ERROR:exception_snapshot_win.cc(88)] thread ID 14240 not found in process
[0114/092518.716:ERROR:process_reader_win.cc(123)] NtOpenThread: {????} ??????????,????????? (0xc0000022)
[0114/092518.718:ERROR:exception_snapshot_win.cc(88)] thread ID 12272 not found in process
[0114/092518.735:ERROR:process_reader_win.cc(123)] NtOpenThread: {????} ??????????,????????? (0xc0000022)
[0114/092518.737:ERROR:exception_snapshot_win.cc(88)] thread ID 13404 not found in process
[0114/092518.738:ERROR:process_reader_win.cc(123)] NtOpenThread: {????} ??????????,????????? (0xc0000022)
[0114/092518.742:ERROR:exception_snapshot_win.cc(88)] thread ID 13812 not found in process
[0114/093448.230:ERROR:process_reader_win.cc(123)] NtOpenThread: {????} ??????????,????????? (0xc0000022)
[0114/093448.233:ERROR:process_reader_win.cc(123)] NtOpenThread: {????} ??????????,????????? (0xc0000022)
[0114/093448.238:ERROR:exception_snapshot_win.cc(88)] thread ID 18344 not found in process
[0114/093448.238:ERROR:exception_snapshot_win.cc(88)] thread ID 6220 not found in process
[0114/093448.238:ERROR:process_reader_win.cc(123)] NtOpenThread: {????} ??????????,????????? (0xc0000022)
[0114/093448.240:ERROR:exception_snapshot_win.cc(88)] thread ID 2116 not found in process
[0114/093448.238:ERROR:process_reader_win.cc(123)] NtOpenThread: {????} ??????????,????????? (0xc0000022)
[0114/093448.241:ERROR:exception_snapshot_win.cc(88)] thread ID 9748 not found in process
[0114/093448.243:ERROR:process_reader_win.cc(123)] NtOpenThread: {????} ??????????,????????? (0xc0000022)
[0114/093448.246:ERROR:exception_snapshot_win.cc(88)] thread ID 3432 not found in process
[0114/093448.262:ERROR:process_reader_win.cc(123)] NtOpenThread: {????} ??????????,????????? (0xc0000022)
[0114/093448.263:ERROR:exception_snapshot_win.cc(88)] thread ID 4536 not found in process
[0114/095601.068:ERROR:process_reader_win.cc(123)] NtOpenThread: {????} ??????????,????????? (0xc0000022)
[0114/095601.074:ERROR:exception_snapshot_win.cc(88)] thread ID 9332 not found in process
[0114/095601.073:ERROR:process_reader_win.cc(123)] NtOpenThread: {????} ??????????,????????? (0xc0000022)
[0114/095601.075:ERROR:exception_snapshot_win.cc(88)] thread ID 13772 not found in process
[0114/095601.093:ERROR:process_reader_win.cc(123)] NtOpenThread: {????} ??????????,????????? (0xc0000022)
[0114/095601.094:ERROR:exception_snapshot_win.cc(88)] thread ID 13400 not found in process
[0114/095601.111:ERROR:process_reader_win.cc(123)] NtOpenThread: {????} ??????????,????????? (0xc0000022)
[0114/095601.113:ERROR:exception_snapshot_win.cc(88)] thread ID 15684 not found in process
[0114/151115.252:ERROR:process_reader_win.cc(123)] NtOpenThread: {????} ??????????,????????? (0xc0000022)
[0114/151115.258:ERROR:process_reader_win.cc(123)] NtOpenThread: {????} ??????????,????????? (0xc0000022)
[0114/151115.263:ERROR:exception_snapshot_win.cc(88)] thread ID 15644 not found in process
[0114/151115.258:ERROR:process_reader_win.cc(123)] NtOpenThread: {????} ??????????,????????? (0xc0000022)
[0114/151115.263:ERROR:exception_snapshot_win.cc(88)] thread ID 15476 not found in process
[0114/151115.263:ERROR:exception_snapshot_win.cc(88)] thread ID 11172 not found in process
[0114/155519.276:ERROR:process_reader_win.cc(123)] NtOpenThread: {????} ??????????,????????? (0xc0000022)
[0114/155519.278:ERROR:exception_snapshot_win.cc(88)] thread ID 16052 not found in process
[0114/160003.557:ERROR:process_reader_win.cc(123)] NtOpenThread: {????} ??????????,????????? (0xc0000022)
[0114/160003.559:ERROR:exception_snapshot_win.cc(88)] thread ID 13224 not found in process
[0114/160003.559:ERROR:process_reader_win.cc(123)] NtOpenThread: {????} ??????????,????????? (0xc0000022)
[0114/160003.561:ERROR:exception_snapshot_win.cc(88)] thread ID 13332 not found in process
[0114/192647.872:ERROR:process_reader_win.cc(123)] NtOpenThread: {????} ??????????,????????? (0xc0000022)
[0114/192647.874:ERROR:exception_snapshot_win.cc(88)] thread ID 980 not found in process
[0114/215358.022:ERROR:process_reader_win.cc(123)] NtOpenThread: {????} ??????????,????????? (0xc0000022)
[0114/215358.024:ERROR:exception_snapshot_win.cc(88)] thread ID 9872 not found in process
[0114/215358.027:ERROR:process_reader_win.cc(123)] NtOpenThread: {????} ??????????,????????? (0xc0000022)
[0114/215358.029:ERROR:exception_snapshot_win.cc(88)] thread ID 11968 not found in process
[0115/102126.438:ERROR:process_reader_win.cc(123)] NtOpenThread: {????} ??????????,????????? (0xc0000022)
[0115/102126.451:ERROR:exception_snapshot_win.cc(88)] thread ID 12428 not found in process
[0115/111612.069:ERROR:process_reader_win.cc(123)] NtOpenThread: {????} ??????????,????????? (0xc0000022)
[0115/111612.072:ERROR:exception_snapshot_win.cc(88)] thread ID 16720 not found in process
[0115/111612.075:ERROR:process_reader_win.cc(123)] NtOpenThread: {????} ??????????,????????? (0xc0000022)
[0115/111612.076:ERROR:exception_snapshot_win.cc(88)] thread ID 14552 not found in process
[0115/111612.087:ERROR:process_reader_win.cc(123)] NtOpenThread: {????} ??????????,????????? (0xc0000022)
[0115/111612.090:ERROR:exception_snapshot_win.cc(88)] thread ID 13636 not found in process
[0115/115005.497:ERROR:process_reader_win.cc(123)] NtOpenThread: {????} ??????????,????????? (0xc0000022)
[0115/115005.499:ERROR:exception_snapshot_win.cc(88)] thread ID 17368 not found in process
[0115/115639.391:ERROR:process_reader_win.cc(123)] NtOpenThread: {????} ??????????,????????? (0xc0000022)
[0115/115639.392:ERROR:exception_snapshot_win.cc(88)] thread ID 15280 not found in process
[0115/132740.809:ERROR:process_reader_win.cc(123)] NtOpenThread: {????} ??????????,????????? (0xc0000022)
[0115/132740.817:ERROR:exception_snapshot_win.cc(88)] thread ID 7384 not found in process
[0115/133003.253:ERROR:process_reader_win.cc(123)] NtOpenThread: {????} ??????????,????????? (0xc0000022)
[0115/133003.258:ERROR:exception_snapshot_win.cc(88)] thread ID 6880 not found in process
[0115/142007.357:ERROR:process_reader_win.cc(123)] NtOpenThread: {????} ??????????,????????? (0xc0000022)
[0115/142007.360:ERROR:process_reader_win.cc(123)] NtOpenThread: {????} ??????????,????????? (0xc0000022)
[0115/142007.364:ERROR:exception_snapshot_win.cc(88)] thread ID 10148 not found in process
[0115/142007.364:ERROR:exception_snapshot_win.cc(88)] thread ID 9792 not found in process
[0115/143511.874:ERROR:process_reader_win.cc(123)] NtOpenThread: {????} ??????????,????????? (0xc0000022)
[0115/143511.876:ERROR:exception_snapshot_win.cc(88)] thread ID 13684 not found in process
[0115/144101.044:ERROR:process_reader_win.cc(123)] NtOpenThread: {????} ??????????,????????? (0xc0000022)
[0115/144101.046:ERROR:exception_snapshot_win.cc(88)] thread ID 7316 not found in process
[0115/145202.688:ERROR:process_reader_win.cc(123)] NtOpenThread: {????} ??????????,????????? (0xc0000022)
[0115/145202.689:ERROR:exception_snapshot_win.cc(88)] thread ID 11572 not found in process
[0115/145202.720:ERROR:process_reader_win.cc(123)] NtOpenThread: {????} ??????????,????????? (0xc0000022)
[0115/145202.720:ERROR:process_reader_win.cc(123)] NtOpenThread: {????} ??????????,????????? (0xc0000022)
[0115/145202.722:ERROR:exception_snapshot_win.cc(88)] thread ID 14096 not found in process
[0115/145202.722:ERROR:exception_snapshot_win.cc(88)] thread ID 6812 not found in process
[0115/145844.792:ERROR:process_reader_win.cc(123)] NtOpenThread: {????} ??????????,????????? (0xc0000022)
[0115/145844.794:ERROR:exception_snapshot_win.cc(88)] thread ID 8092 not found in process
[0115/150355.498:ERROR:process_reader_win.cc(123)] NtOpenThread: {????} ??????????,????????? (0xc0000022)
[0115/150355.500:ERROR:exception_snapshot_win.cc(88)] thread ID 14160 not found in process
[0115/151339.628:ERROR:process_reader_win.cc(123)] NtOpenThread: {????} ??????????,????????? (0xc0000022)
[0115/151339.629:ERROR:exception_snapshot_win.cc(88)] thread ID 11732 not found in process
[0115/151845.599:ERROR:process_reader_win.cc(123)] NtOpenThread: {????} ??????????,????????? (0xc0000022)
[0115/151845.601:ERROR:exception_snapshot_win.cc(88)] thread ID 2588 not found in process
[0115/153723.980:ERROR:process_reader_win.cc(123)] NtOpenThread: {????} ??????????,????????? (0xc0000022)
[0115/153723.982:ERROR:exception_snapshot_win.cc(88)] thread ID 13388 not found in process
[0115/155616.771:ERROR:process_reader_win.cc(123)] NtOpenThread: {????} ??????????,????????? (0xc0000022)
[0115/155616.773:ERROR:exception_snapshot_win.cc(88)] thread ID 15292 not found in process
[0115/162625.471:ERROR:process_reader_win.cc(123)] NtOpenThread: {????} ??????????,????????? (0xc0000022)
[0115/162625.482:ERROR:exception_snapshot_win.cc(88)] thread ID 18328 not found in process
[0115/162625.492:ERROR:process_reader_win.cc(123)] NtOpenThread: {????} ??????????,????????? (0xc0000022)
[0115/162625.493:ERROR:exception_snapshot_win.cc(88)] thread ID 1356 not found in process
[0115/195310.091:ERROR:process_reader_win.cc(123)] NtOpenThread: {????} ??????????,????????? (0xc0000022)
[0115/195310.101:ERROR:exception_snapshot_win.cc(88)] thread ID 15940 not found in process
[0115/195802.200:ERROR:process_reader_win.cc(123)] NtOpenThread: {????} ??????????,????????? (0xc0000022)
[0115/195802.206:ERROR:exception_snapshot_win.cc(88)] thread ID 7272 not found in process
[0115/200423.928:ERROR:process_reader_win.cc(123)] NtOpenThread: {????} ??????????,????????? (0xc0000022)
[0115/200423.931:ERROR:exception_snapshot_win.cc(88)] thread ID 4812 not found in process
[0115/201536.109:ERROR:process_reader_win.cc(123)] NtOpenThread: {????} ??????????,????????? (0xc0000022)
[0115/201536.122:ERROR:exception_snapshot_win.cc(88)] thread ID 5172 not found in process
[0115/201536.140:ERROR:process_reader_win.cc(123)] NtOpenThread: {????} ??????????,????????? (0xc0000022)
[0115/201536.142:ERROR:exception_snapshot_win.cc(88)] thread ID 13468 not found in process
[0115/203330.255:ERROR:process_reader_win.cc(123)] NtOpenThread: {????} ??????????,????????? (0xc0000022)
[0115/203330.263:ERROR:exception_snapshot_win.cc(88)] thread ID 14252 not found in process
[0115/203330.265:ERROR:process_reader_win.cc(123)] NtOpenThread: {????} ??????????,????????? (0xc0000022)
[0115/203330.266:ERROR:exception_snapshot_win.cc(88)] thread ID 14072 not found in process
[0115/203713.578:ERROR:process_reader_win.cc(123)] NtOpenThread: {????} ??????????,????????? (0xc0000022)
[0115/203713.580:ERROR:exception_snapshot_win.cc(88)] thread ID 14640 not found in process
[0115/204141.552:ERROR:process_reader_win.cc(123)] NtOpenThread: {????} ??????????,????????? (0xc0000022)
[0115/204141.554:ERROR:exception_snapshot_win.cc(88)] thread ID 16864 not found in process
[0115/214553.861:ERROR:process_reader_win.cc(123)] NtOpenThread: {????} ??????????,????????? (0xc0000022)
[0115/214553.863:ERROR:exception_snapshot_win.cc(88)] thread ID 17892 not found in process
[0115/215110.661:ERROR:process_reader_win.cc(123)] NtOpenThread: {????} ??????????,????????? (0xc0000022)
[0115/215110.662:ERROR:exception_snapshot_win.cc(88)] thread ID 12076 not found in process
[0116/132130.983:ERROR:process_reader_win.cc(123)] NtOpenThread: {????} ??????????,????????? (0xc0000022)
[0116/132130.985:ERROR:exception_snapshot_win.cc(88)] thread ID 11868 not found in process
[0122/091814.365:ERROR:process_reader_win.cc(123)] NtOpenThread: {无法访问} 过程已请求访问一对象，但未给访问权限。 (0xc0000022)
[0122/091814.365:ERROR:exception_snapshot_win.cc(88)] thread ID 4188 not found in process
[0122/095113.368:ERROR:process_reader_win.cc(123)] NtOpenThread: {无法访问} 过程已请求访问一对象，但未给访问权限。 (0xc0000022)
[0122/095113.369:ERROR:exception_snapshot_win.cc(88)] thread ID 9020 not found in process
